
my-cuda-gmm.o:
                 U __cxa_atexit
                 U __dso_handle
                 U exit
000000000000048d t _GLOBAL__sub_I__ZN7CudaGMM4ReadERSib
                 U __gxx_personality_v0
                 w __pthread_key_create
                 U _Unwind_Resume
00000000000003c6 t _Z41__static_initialization_and_destruction_0ii
                 U _ZN5kaldi11ExpectTokenERSibPKc
0000000000000000 W _ZN5kaldi17KaldiErrorMessage6streamEv
                 U _ZN5kaldi17KaldiErrorMessageC1EPKcS2_i
                 U _ZN5kaldi17KaldiErrorMessageD1Ev
                 U _ZN5kaldi8CuMatrixIfE4ReadERSib
                 U _ZN5kaldi8CuVectorIdE4ReadERSib
                 U _ZN5kaldi8CuVectorIfE4ReadERSib
                 U _ZN5kaldi9ReadTokenERSibPSs
000000000000021c r _ZN5kaldiL13kLogZeroFloatE
0000000000000220 r _ZN5kaldiL14kLogZeroDoubleE
0000000000000238 r _ZN5kaldiL16kMinLogDiffFloatE
0000000000000228 r _ZN5kaldiL17kLogZeroBaseFloatE
0000000000000230 r _ZN5kaldiL17kMinLogDiffDoubleE
0000000000000002 b _ZN6thrust12placeholdersL2_1E
0000000000000003 b _ZN6thrust12placeholdersL2_2E
0000000000000004 b _ZN6thrust12placeholdersL2_3E
0000000000000005 b _ZN6thrust12placeholdersL2_4E
0000000000000006 b _ZN6thrust12placeholdersL2_5E
0000000000000007 b _ZN6thrust12placeholdersL2_6E
0000000000000008 b _ZN6thrust12placeholdersL2_7E
0000000000000009 b _ZN6thrust12placeholdersL2_8E
000000000000000a b _ZN6thrust12placeholdersL2_9E
000000000000000b b _ZN6thrust12placeholdersL3_10E
0000000000000000 W _ZN6thrust16execution_policyINS_6system6detail10sequential3tagEEC1Ev
0000000000000000 W _ZN6thrust16execution_policyINS_6system6detail10sequential3tagEEC2Ev
0000000000000000 n _ZN6thrust16execution_policyINS_6system6detail10sequential3tagEEC5Ev
0000000000000000 W _ZN6thrust6detail10functional5actorINS1_8argumentILj0EEEEC1Ev
0000000000000000 W _ZN6thrust6detail10functional5actorINS1_8argumentILj0EEEEC2Ev
0000000000000000 n _ZN6thrust6detail10functional5actorINS1_8argumentILj0EEEEC5Ev
0000000000000000 W _ZN6thrust6detail10functional5actorINS1_8argumentILj1EEEEC1Ev
0000000000000000 W _ZN6thrust6detail10functional5actorINS1_8argumentILj1EEEEC2Ev
0000000000000000 n _ZN6thrust6detail10functional5actorINS1_8argumentILj1EEEEC5Ev
0000000000000000 W _ZN6thrust6detail10functional5actorINS1_8argumentILj2EEEEC1Ev
0000000000000000 W _ZN6thrust6detail10functional5actorINS1_8argumentILj2EEEEC2Ev
0000000000000000 n _ZN6thrust6detail10functional5actorINS1_8argumentILj2EEEEC5Ev
0000000000000000 W _ZN6thrust6detail10functional5actorINS1_8argumentILj3EEEEC1Ev
0000000000000000 W _ZN6thrust6detail10functional5actorINS1_8argumentILj3EEEEC2Ev
0000000000000000 n _ZN6thrust6detail10functional5actorINS1_8argumentILj3EEEEC5Ev
0000000000000000 W _ZN6thrust6detail10functional5actorINS1_8argumentILj4EEEEC1Ev
0000000000000000 W _ZN6thrust6detail10functional5actorINS1_8argumentILj4EEEEC2Ev
0000000000000000 n _ZN6thrust6detail10functional5actorINS1_8argumentILj4EEEEC5Ev
0000000000000000 W _ZN6thrust6detail10functional5actorINS1_8argumentILj5EEEEC1Ev
0000000000000000 W _ZN6thrust6detail10functional5actorINS1_8argumentILj5EEEEC2Ev
0000000000000000 n _ZN6thrust6detail10functional5actorINS1_8argumentILj5EEEEC5Ev
0000000000000000 W _ZN6thrust6detail10functional5actorINS1_8argumentILj6EEEEC1Ev
0000000000000000 W _ZN6thrust6detail10functional5actorINS1_8argumentILj6EEEEC2Ev
0000000000000000 n _ZN6thrust6detail10functional5actorINS1_8argumentILj6EEEEC5Ev
0000000000000000 W _ZN6thrust6detail10functional5actorINS1_8argumentILj7EEEEC1Ev
0000000000000000 W _ZN6thrust6detail10functional5actorINS1_8argumentILj7EEEEC2Ev
0000000000000000 n _ZN6thrust6detail10functional5actorINS1_8argumentILj7EEEEC5Ev
0000000000000000 W _ZN6thrust6detail10functional5actorINS1_8argumentILj8EEEEC1Ev
0000000000000000 W _ZN6thrust6detail10functional5actorINS1_8argumentILj8EEEEC2Ev
0000000000000000 n _ZN6thrust6detail10functional5actorINS1_8argumentILj8EEEEC5Ev
0000000000000000 W _ZN6thrust6detail10functional5actorINS1_8argumentILj9EEEEC1Ev
0000000000000000 W _ZN6thrust6detail10functional5actorINS1_8argumentILj9EEEEC2Ev
0000000000000000 n _ZN6thrust6detail10functional5actorINS1_8argumentILj9EEEEC5Ev
0000000000000000 W _ZN6thrust6detail10functional8argumentILj0EEC1Ev
0000000000000000 W _ZN6thrust6detail10functional8argumentILj0EEC2Ev
0000000000000000 n _ZN6thrust6detail10functional8argumentILj0EEC5Ev
0000000000000000 W _ZN6thrust6detail10functional8argumentILj1EEC1Ev
0000000000000000 W _ZN6thrust6detail10functional8argumentILj1EEC2Ev
0000000000000000 n _ZN6thrust6detail10functional8argumentILj1EEC5Ev
0000000000000000 W _ZN6thrust6detail10functional8argumentILj2EEC1Ev
0000000000000000 W _ZN6thrust6detail10functional8argumentILj2EEC2Ev
0000000000000000 n _ZN6thrust6detail10functional8argumentILj2EEC5Ev
0000000000000000 W _ZN6thrust6detail10functional8argumentILj3EEC1Ev
0000000000000000 W _ZN6thrust6detail10functional8argumentILj3EEC2Ev
0000000000000000 n _ZN6thrust6detail10functional8argumentILj3EEC5Ev
0000000000000000 W _ZN6thrust6detail10functional8argumentILj4EEC1Ev
0000000000000000 W _ZN6thrust6detail10functional8argumentILj4EEC2Ev
0000000000000000 n _ZN6thrust6detail10functional8argumentILj4EEC5Ev
0000000000000000 W _ZN6thrust6detail10functional8argumentILj5EEC1Ev
0000000000000000 W _ZN6thrust6detail10functional8argumentILj5EEC2Ev
0000000000000000 n _ZN6thrust6detail10functional8argumentILj5EEC5Ev
0000000000000000 W _ZN6thrust6detail10functional8argumentILj6EEC1Ev
0000000000000000 W _ZN6thrust6detail10functional8argumentILj6EEC2Ev
0000000000000000 n _ZN6thrust6detail10functional8argumentILj6EEC5Ev
0000000000000000 W _ZN6thrust6detail10functional8argumentILj7EEC1Ev
0000000000000000 W _ZN6thrust6detail10functional8argumentILj7EEC2Ev
0000000000000000 n _ZN6thrust6detail10functional8argumentILj7EEC5Ev
0000000000000000 W _ZN6thrust6detail10functional8argumentILj8EEC1Ev
0000000000000000 W _ZN6thrust6detail10functional8argumentILj8EEC2Ev
0000000000000000 n _ZN6thrust6detail10functional8argumentILj8EEC5Ev
0000000000000000 W _ZN6thrust6detail10functional8argumentILj9EEC1Ev
0000000000000000 W _ZN6thrust6detail10functional8argumentILj9EEC2Ev
0000000000000000 n _ZN6thrust6detail10functional8argumentILj9EEC5Ev
0000000000000000 W _ZN6thrust6detail21execution_policy_baseINS_6system6detail10sequential3tagEEC1Ev
0000000000000000 W _ZN6thrust6detail21execution_policy_baseINS_6system6detail10sequential3tagEEC2Ev
0000000000000000 n _ZN6thrust6detail21execution_policy_baseINS_6system6detail10sequential3tagEEC5Ev
0000000000000000 W _ZN6thrust6detail5seq_tC1Ev
0000000000000000 W _ZN6thrust6detail5seq_tC2Ev
0000000000000000 n _ZN6thrust6detail5seq_tC5Ev
0000000000000010 b _ZN6thrust6system4cuda6detail5bulk_6detail12_GLOBAL__N_119s_on_chip_allocatorE
0000000000000000 W _ZN6thrust6system4cuda6detail5bulk_6detail6cursorILj0EEC1Ev
0000000000000000 W _ZN6thrust6system4cuda6detail5bulk_6detail6cursorILj0EEC2Ev
0000000000000000 n _ZN6thrust6system4cuda6detail5bulk_6detail6cursorILj0EEC5Ev
0000000000000000 W _ZN6thrust6system4cuda6detail5bulk_6detail6cursorILj1EEC1Ev
0000000000000000 W _ZN6thrust6system4cuda6detail5bulk_6detail6cursorILj1EEC2Ev
0000000000000000 n _ZN6thrust6system4cuda6detail5bulk_6detail6cursorILj1EEC5Ev
0000000000000000 W _ZN6thrust6system4cuda6detail5bulk_6detail6cursorILj2EEC1Ev
0000000000000000 W _ZN6thrust6system4cuda6detail5bulk_6detail6cursorILj2EEC2Ev
0000000000000000 n _ZN6thrust6system4cuda6detail5bulk_6detail6cursorILj2EEC5Ev
0000000000000000 W _ZN6thrust6system4cuda6detail5bulk_6detail6cursorILj3EEC1Ev
0000000000000000 W _ZN6thrust6system4cuda6detail5bulk_6detail6cursorILj3EEC2Ev
0000000000000000 n _ZN6thrust6system4cuda6detail5bulk_6detail6cursorILj3EEC5Ev
00000000000000dc r _ZN6thrust6system4cuda6detail5bulk_L11use_defaultE
00000000000000d8 r _ZN6thrust6system4cuda6detail5bulk_L13invalid_indexE
00000000000000e0 r _ZN6thrust6system4cuda6detail5bulk_L18dynamic_group_sizeE
000000000000000c b _ZN6thrust6system4cuda6detail5bulk_L4rootE
0000000000000000 W _ZN6thrust6system6detail10sequential16execution_policyINS2_3tagEEC1Ev
0000000000000000 W _ZN6thrust6system6detail10sequential16execution_policyINS2_3tagEEC2Ev
0000000000000000 n _ZN6thrust6system6detail10sequential16execution_policyINS2_3tagEEC5Ev
0000000000000000 W _ZN6thrust6system6detail10sequential3tagC1Ev
0000000000000000 W _ZN6thrust6system6detail10sequential3tagC2Ev
0000000000000000 n _ZN6thrust6system6detail10sequential3tagC5Ev
0000000000000001 b _ZN6thrust6system6detail10sequentialL3seqE
00000000000000e8 r _ZN6thrust6system6detailL10eaddrinuseE
0000000000000104 r _ZN6thrust6system6detailL10econnresetE
0000000000000154 r _ZN6thrust6system6detailL10eopnotsuppE
000000000000015c r _ZN6thrust6system6detailL10eownerdeadE
0000000000000180 r _ZN6thrust6system6detailL10eprototypeE
0000000000000150 r _ZN6thrust6system6detailL11einprogressE
0000000000000120 r _ZN6thrust6system6detailL11enetunreachE
0000000000000134 r _ZN6thrust6system6detailL11enoprotooptE
0000000000000158 r _ZN6thrust6system6detailL11ewouldblockE
00000000000000e4 r _ZN6thrust6system6detailL12eafnosupportE
00000000000000f8 r _ZN6thrust6system6detailL12econnabortedE
0000000000000100 r _ZN6thrust6system6detailL12econnrefusedE
0000000000000108 r _ZN6thrust6system6detailL12edestaddrreqE
000000000000010c r _ZN6thrust6system6detailL12ehostunreachE
00000000000001c0 r _ZN6thrust6system6detailL12enametoolongE
00000000000000ec r _ZN6thrust6system6detailL13eaddrnotavailE
0000000000000168 r _ZN6thrust6system6detailL15enotrecoverableE
0000000000000164 r _ZN6thrust6system6detailL15eprotonosupportE
00000000000001d0 r _ZN6thrust6system6detailL3eioE
0000000000000198 r _ZN6thrust6system6detailL4edomE
0000000000000194 r _ZN6thrust6system6detailL5e2bigE
00000000000001a0 r _ZN6thrust6system6detailL5ebadfE
00000000000001ac r _ZN6thrust6system6detailL5ebusyE
00000000000001bc r _ZN6thrust6system6detailL5efbigE
0000000000000110 r _ZN6thrust6system6detailL5eidrmE
00000000000001c8 r _ZN6thrust6system6detailL5eintrE
0000000000000178 r _ZN6thrust6system6detailL5eloopE
0000000000000138 r _ZN6thrust6system6detailL5enosrE
00000000000001e4 r _ZN6thrust6system6detailL5enxioE
00000000000001fc r _ZN6thrust6system6detailL5epermE
00000000000001a4 r _ZN6thrust6system6detailL5epipeE
0000000000000204 r _ZN6thrust6system6detailL5erofsE
00000000000001f0 r _ZN6thrust6system6detailL5esrchE
000000000000016c r _ZN6thrust6system6detailL5etimeE
00000000000001a8 r _ZN6thrust6system6detailL5exdevE
0000000000000200 r _ZN6thrust6system6detailL6eaccesE
000000000000020c r _ZN6thrust6system6detailL6eagainE
00000000000001d8 r _ZN6thrust6system6detailL6echildE
00000000000001b8 r _ZN6thrust6system6detailL6eexistE
000000000000019c r _ZN6thrust6system6detailL6efaultE
0000000000000190 r _ZN6thrust6system6detailL6eilseqE
0000000000000188 r _ZN6thrust6system6detailL6einvalE
00000000000001d4 r _ZN6thrust6system6detailL6eisdirE
0000000000000214 r _ZN6thrust6system6detailL6emfileE
0000000000000218 r _ZN6thrust6system6detailL6emlinkE
0000000000000210 r _ZN6thrust6system6detailL6enfileE
00000000000001e8 r _ZN6thrust6system6detailL6enodevE
00000000000001ec r _ZN6thrust6system6detailL6enoentE
00000000000001dc r _ZN6thrust6system6detailL6enolckE
00000000000001f8 r _ZN6thrust6system6detailL6enomemE
0000000000000130 r _ZN6thrust6system6detailL6enomsgE
00000000000001e0 r _ZN6thrust6system6detailL6enospcE
0000000000000140 r _ZN6thrust6system6detailL6enostrE
0000000000000184 r _ZN6thrust6system6detailL6enosysE
00000000000001c4 r _ZN6thrust6system6detailL6enottyE
0000000000000160 r _ZN6thrust6system6detailL6eprotoE
000000000000018c r _ZN6thrust6system6detailL6erangeE
00000000000001cc r _ZN6thrust6system6detailL6espipeE
00000000000000f4 r _ZN6thrust6system6detailL7ebadmsgE
0000000000000208 r _ZN6thrust6system6detailL7edeadlkE
00000000000000f0 r _ZN6thrust6system6detailL7eisconnE
0000000000000124 r _ZN6thrust6system6detailL7enobufsE
000000000000012c r _ZN6thrust6system6detailL7enodataE
00000000000001b4 r _ZN6thrust6system6detailL7enoexecE
0000000000000128 r _ZN6thrust6system6detailL7enolinkE
00000000000001f4 r _ZN6thrust6system6detailL7enotdirE
0000000000000148 r _ZN6thrust6system6detailL7enotsupE
0000000000000170 r _ZN6thrust6system6detailL7etxtbsyE
00000000000000fc r _ZN6thrust6system6detailL8ealreadyE
0000000000000114 r _ZN6thrust6system6detailL8emsgsizeE
0000000000000118 r _ZN6thrust6system6detailL8enetdownE
0000000000000144 r _ZN6thrust6system6detailL8enotconnE
000000000000013c r _ZN6thrust6system6detailL8enotsockE
000000000000014c r _ZN6thrust6system6detailL9ecanceledE
000000000000011c r _ZN6thrust6system6detailL9enetresetE
00000000000001b0 r _ZN6thrust6system6detailL9enotemptyE
000000000000017c r _ZN6thrust6system6detailL9eoverflowE
0000000000000174 r _ZN6thrust6system6detailL9etimedoutE
0000000000000028 b _ZN6thrustL3seqE
0000000000000000 T _ZN7CudaGMM4ReadERSib
000000000000023c r _ZN9__gnu_cxxL21__default_lock_policyE
                 U _ZNKSs7compareEPKc
                 U _ZNSsC1Ev
                 U _ZNSsD1Ev
                 U _ZNSt8ios_base4InitC1Ev
                 U _ZNSt8ios_base4InitD1Ev
0000000000000000 W _ZSteqIcSt11char_traitsIcESaIcEEbRKSbIT_T0_T1_EPKS3_
0000000000000001 r _ZStL13allocator_arg
0000000000000000 r _ZStL19piecewise_construct
0000000000000002 r _ZStL6ignore
0000000000000000 b _ZStL8__ioinit
                 U _ZStlsIcSt11char_traitsIcESaIcEERSt13basic_ostreamIT_T0_ES7_RKSbIS4_S5_T1_E
                 U _ZStlsISt11char_traitsIcEERSt13basic_ostreamIcT_ES5_PKc
0000000000000000 W _ZStneIcSt11char_traitsIcESaIcEEbRKSbIT_T0_T1_EPKS3_
0000000000000248 r _ZZL18__gthread_active_pvE20__gthread_active_ptr
0000000000000240 r _ZZN7CudaGMM4ReadERSibE8__func__

my-cuda-fgmm.o:
                 U __cxa_atexit
                 U __cxa_begin_catch
                 U __cxa_end_catch
                 U __cxa_rethrow
                 U __dso_handle
                 U exit
00000000000005e4 t _GLOBAL__sub_I__ZN8CudaFGMM15ResizeInvCovarsEii
                 U __gxx_personality_v0
                 w __pthread_key_create
                 U _Unwind_Resume
000000000000051d t _Z41__static_initialization_and_destruction_0ii
                 U _ZdlPv
0000000000000000 W _ZdlPvS_
0000000000000000 W _ZN5kaldi10CuSpMatrixIfE6ResizeEiNS_16MatrixResizeTypeE
0000000000000000 W _ZN5kaldi10CuSpMatrixIfEC1ERKS1_
0000000000000000 W _ZN5kaldi10CuSpMatrixIfEC1Ev
0000000000000000 W _ZN5kaldi10CuSpMatrixIfEC2ERKS1_
0000000000000000 W _ZN5kaldi10CuSpMatrixIfEC2Ev
0000000000000000 n _ZN5kaldi10CuSpMatrixIfEC5ERKS1_
0000000000000000 n _ZN5kaldi10CuSpMatrixIfEC5Ev
0000000000000000 W _ZN5kaldi10CuSpMatrixIfED1Ev
0000000000000000 W _ZN5kaldi10CuSpMatrixIfED2Ev
0000000000000000 n _ZN5kaldi10CuSpMatrixIfED5Ev
                 U _ZN5kaldi11ExpectTokenERSibPKc
                 U _ZN5kaldi14CuPackedMatrixIfE14CopyFromPackedERKS1_
                 U _ZN5kaldi14CuPackedMatrixIfE4ReadERSib
                 U _ZN5kaldi14CuPackedMatrixIfE6ResizeEiNS_16MatrixResizeTypeE
                 U _ZN5kaldi14CuPackedMatrixIfE7DestroyEv
                 U _ZN5kaldi14CuPackedMatrixIfE7SetUnitEv
0000000000000000 W _ZN5kaldi14CuPackedMatrixIfEC1ERKS1_
0000000000000000 W _ZN5kaldi14CuPackedMatrixIfEC1Ev
0000000000000000 W _ZN5kaldi14CuPackedMatrixIfEC2ERKS1_
0000000000000000 W _ZN5kaldi14CuPackedMatrixIfEC2Ev
0000000000000000 n _ZN5kaldi14CuPackedMatrixIfEC5ERKS1_
0000000000000000 n _ZN5kaldi14CuPackedMatrixIfEC5Ev
0000000000000000 W _ZN5kaldi14CuPackedMatrixIfED1Ev
0000000000000000 W _ZN5kaldi14CuPackedMatrixIfED2Ev
0000000000000000 n _ZN5kaldi14CuPackedMatrixIfED5Ev
0000000000000000 W _ZN5kaldi17KaldiErrorMessage6streamEv
                 U _ZN5kaldi17KaldiErrorMessageC1EPKcS2_i
                 U _ZN5kaldi17KaldiErrorMessageD1Ev
                 U _ZN5kaldi19KaldiAssertFailure_EPKcS1_iS1_
                 U _ZN5kaldi8CuMatrixIfE4ReadERSib
                 U _ZN5kaldi8CuVectorIfE4ReadERSib
                 U _ZN5kaldi9ReadTokenERSibPSs
0000000000000254 r _ZN5kaldiL13kLogZeroFloatE
0000000000000258 r _ZN5kaldiL14kLogZeroDoubleE
0000000000000270 r _ZN5kaldiL16kMinLogDiffFloatE
0000000000000260 r _ZN5kaldiL17kLogZeroBaseFloatE
0000000000000268 r _ZN5kaldiL17kMinLogDiffDoubleE
0000000000000002 b _ZN6thrust12placeholdersL2_1E
0000000000000003 b _ZN6thrust12placeholdersL2_2E
0000000000000004 b _ZN6thrust12placeholdersL2_3E
0000000000000005 b _ZN6thrust12placeholdersL2_4E
0000000000000006 b _ZN6thrust12placeholdersL2_5E
0000000000000007 b _ZN6thrust12placeholdersL2_6E
0000000000000008 b _ZN6thrust12placeholdersL2_7E
0000000000000009 b _ZN6thrust12placeholdersL2_8E
000000000000000a b _ZN6thrust12placeholdersL2_9E
000000000000000b b _ZN6thrust12placeholdersL3_10E
0000000000000000 W _ZN6thrust16execution_policyINS_6system6detail10sequential3tagEEC1Ev
0000000000000000 W _ZN6thrust16execution_policyINS_6system6detail10sequential3tagEEC2Ev
0000000000000000 n _ZN6thrust16execution_policyINS_6system6detail10sequential3tagEEC5Ev
0000000000000000 W _ZN6thrust6detail10functional5actorINS1_8argumentILj0EEEEC1Ev
0000000000000000 W _ZN6thrust6detail10functional5actorINS1_8argumentILj0EEEEC2Ev
0000000000000000 n _ZN6thrust6detail10functional5actorINS1_8argumentILj0EEEEC5Ev
0000000000000000 W _ZN6thrust6detail10functional5actorINS1_8argumentILj1EEEEC1Ev
0000000000000000 W _ZN6thrust6detail10functional5actorINS1_8argumentILj1EEEEC2Ev
0000000000000000 n _ZN6thrust6detail10functional5actorINS1_8argumentILj1EEEEC5Ev
0000000000000000 W _ZN6thrust6detail10functional5actorINS1_8argumentILj2EEEEC1Ev
0000000000000000 W _ZN6thrust6detail10functional5actorINS1_8argumentILj2EEEEC2Ev
0000000000000000 n _ZN6thrust6detail10functional5actorINS1_8argumentILj2EEEEC5Ev
0000000000000000 W _ZN6thrust6detail10functional5actorINS1_8argumentILj3EEEEC1Ev
0000000000000000 W _ZN6thrust6detail10functional5actorINS1_8argumentILj3EEEEC2Ev
0000000000000000 n _ZN6thrust6detail10functional5actorINS1_8argumentILj3EEEEC5Ev
0000000000000000 W _ZN6thrust6detail10functional5actorINS1_8argumentILj4EEEEC1Ev
0000000000000000 W _ZN6thrust6detail10functional5actorINS1_8argumentILj4EEEEC2Ev
0000000000000000 n _ZN6thrust6detail10functional5actorINS1_8argumentILj4EEEEC5Ev
0000000000000000 W _ZN6thrust6detail10functional5actorINS1_8argumentILj5EEEEC1Ev
0000000000000000 W _ZN6thrust6detail10functional5actorINS1_8argumentILj5EEEEC2Ev
0000000000000000 n _ZN6thrust6detail10functional5actorINS1_8argumentILj5EEEEC5Ev
0000000000000000 W _ZN6thrust6detail10functional5actorINS1_8argumentILj6EEEEC1Ev
0000000000000000 W _ZN6thrust6detail10functional5actorINS1_8argumentILj6EEEEC2Ev
0000000000000000 n _ZN6thrust6detail10functional5actorINS1_8argumentILj6EEEEC5Ev
0000000000000000 W _ZN6thrust6detail10functional5actorINS1_8argumentILj7EEEEC1Ev
0000000000000000 W _ZN6thrust6detail10functional5actorINS1_8argumentILj7EEEEC2Ev
0000000000000000 n _ZN6thrust6detail10functional5actorINS1_8argumentILj7EEEEC5Ev
0000000000000000 W _ZN6thrust6detail10functional5actorINS1_8argumentILj8EEEEC1Ev
0000000000000000 W _ZN6thrust6detail10functional5actorINS1_8argumentILj8EEEEC2Ev
0000000000000000 n _ZN6thrust6detail10functional5actorINS1_8argumentILj8EEEEC5Ev
0000000000000000 W _ZN6thrust6detail10functional5actorINS1_8argumentILj9EEEEC1Ev
0000000000000000 W _ZN6thrust6detail10functional5actorINS1_8argumentILj9EEEEC2Ev
0000000000000000 n _ZN6thrust6detail10functional5actorINS1_8argumentILj9EEEEC5Ev
0000000000000000 W _ZN6thrust6detail10functional8argumentILj0EEC1Ev
0000000000000000 W _ZN6thrust6detail10functional8argumentILj0EEC2Ev
0000000000000000 n _ZN6thrust6detail10functional8argumentILj0EEC5Ev
0000000000000000 W _ZN6thrust6detail10functional8argumentILj1EEC1Ev
0000000000000000 W _ZN6thrust6detail10functional8argumentILj1EEC2Ev
0000000000000000 n _ZN6thrust6detail10functional8argumentILj1EEC5Ev
0000000000000000 W _ZN6thrust6detail10functional8argumentILj2EEC1Ev
0000000000000000 W _ZN6thrust6detail10functional8argumentILj2EEC2Ev
0000000000000000 n _ZN6thrust6detail10functional8argumentILj2EEC5Ev
0000000000000000 W _ZN6thrust6detail10functional8argumentILj3EEC1Ev
0000000000000000 W _ZN6thrust6detail10functional8argumentILj3EEC2Ev
0000000000000000 n _ZN6thrust6detail10functional8argumentILj3EEC5Ev
0000000000000000 W _ZN6thrust6detail10functional8argumentILj4EEC1Ev
0000000000000000 W _ZN6thrust6detail10functional8argumentILj4EEC2Ev
0000000000000000 n _ZN6thrust6detail10functional8argumentILj4EEC5Ev
0000000000000000 W _ZN6thrust6detail10functional8argumentILj5EEC1Ev
0000000000000000 W _ZN6thrust6detail10functional8argumentILj5EEC2Ev
0000000000000000 n _ZN6thrust6detail10functional8argumentILj5EEC5Ev
0000000000000000 W _ZN6thrust6detail10functional8argumentILj6EEC1Ev
0000000000000000 W _ZN6thrust6detail10functional8argumentILj6EEC2Ev
0000000000000000 n _ZN6thrust6detail10functional8argumentILj6EEC5Ev
0000000000000000 W _ZN6thrust6detail10functional8argumentILj7EEC1Ev
0000000000000000 W _ZN6thrust6detail10functional8argumentILj7EEC2Ev
0000000000000000 n _ZN6thrust6detail10functional8argumentILj7EEC5Ev
0000000000000000 W _ZN6thrust6detail10functional8argumentILj8EEC1Ev
0000000000000000 W _ZN6thrust6detail10functional8argumentILj8EEC2Ev
0000000000000000 n _ZN6thrust6detail10functional8argumentILj8EEC5Ev
0000000000000000 W _ZN6thrust6detail10functional8argumentILj9EEC1Ev
0000000000000000 W _ZN6thrust6detail10functional8argumentILj9EEC2Ev
0000000000000000 n _ZN6thrust6detail10functional8argumentILj9EEC5Ev
0000000000000000 W _ZN6thrust6detail21execution_policy_baseINS_6system6detail10sequential3tagEEC1Ev
0000000000000000 W _ZN6thrust6detail21execution_policy_baseINS_6system6detail10sequential3tagEEC2Ev
0000000000000000 n _ZN6thrust6detail21execution_policy_baseINS_6system6detail10sequential3tagEEC5Ev
0000000000000000 W _ZN6thrust6detail5seq_tC1Ev
0000000000000000 W _ZN6thrust6detail5seq_tC2Ev
0000000000000000 n _ZN6thrust6detail5seq_tC5Ev
0000000000000010 b _ZN6thrust6system4cuda6detail5bulk_6detail12_GLOBAL__N_119s_on_chip_allocatorE
0000000000000000 W _ZN6thrust6system4cuda6detail5bulk_6detail6cursorILj0EEC1Ev
0000000000000000 W _ZN6thrust6system4cuda6detail5bulk_6detail6cursorILj0EEC2Ev
0000000000000000 n _ZN6thrust6system4cuda6detail5bulk_6detail6cursorILj0EEC5Ev
0000000000000000 W _ZN6thrust6system4cuda6detail5bulk_6detail6cursorILj1EEC1Ev
0000000000000000 W _ZN6thrust6system4cuda6detail5bulk_6detail6cursorILj1EEC2Ev
0000000000000000 n _ZN6thrust6system4cuda6detail5bulk_6detail6cursorILj1EEC5Ev
0000000000000000 W _ZN6thrust6system4cuda6detail5bulk_6detail6cursorILj2EEC1Ev
0000000000000000 W _ZN6thrust6system4cuda6detail5bulk_6detail6cursorILj2EEC2Ev
0000000000000000 n _ZN6thrust6system4cuda6detail5bulk_6detail6cursorILj2EEC5Ev
0000000000000000 W _ZN6thrust6system4cuda6detail5bulk_6detail6cursorILj3EEC1Ev
0000000000000000 W _ZN6thrust6system4cuda6detail5bulk_6detail6cursorILj3EEC2Ev
0000000000000000 n _ZN6thrust6system4cuda6detail5bulk_6detail6cursorILj3EEC5Ev
0000000000000114 r _ZN6thrust6system4cuda6detail5bulk_L11use_defaultE
0000000000000110 r _ZN6thrust6system4cuda6detail5bulk_L13invalid_indexE
0000000000000118 r _ZN6thrust6system4cuda6detail5bulk_L18dynamic_group_sizeE
000000000000000c b _ZN6thrust6system4cuda6detail5bulk_L4rootE
0000000000000000 W _ZN6thrust6system6detail10sequential16execution_policyINS2_3tagEEC1Ev
0000000000000000 W _ZN6thrust6system6detail10sequential16execution_policyINS2_3tagEEC2Ev
0000000000000000 n _ZN6thrust6system6detail10sequential16execution_policyINS2_3tagEEC5Ev
0000000000000000 W _ZN6thrust6system6detail10sequential3tagC1Ev
0000000000000000 W _ZN6thrust6system6detail10sequential3tagC2Ev
0000000000000000 n _ZN6thrust6system6detail10sequential3tagC5Ev
0000000000000001 b _ZN6thrust6system6detail10sequentialL3seqE
0000000000000120 r _ZN6thrust6system6detailL10eaddrinuseE
000000000000013c r _ZN6thrust6system6detailL10econnresetE
000000000000018c r _ZN6thrust6system6detailL10eopnotsuppE
0000000000000194 r _ZN6thrust6system6detailL10eownerdeadE
00000000000001b8 r _ZN6thrust6system6detailL10eprototypeE
0000000000000188 r _ZN6thrust6system6detailL11einprogressE
0000000000000158 r _ZN6thrust6system6detailL11enetunreachE
000000000000016c r _ZN6thrust6system6detailL11enoprotooptE
0000000000000190 r _ZN6thrust6system6detailL11ewouldblockE
000000000000011c r _ZN6thrust6system6detailL12eafnosupportE
0000000000000130 r _ZN6thrust6system6detailL12econnabortedE
0000000000000138 r _ZN6thrust6system6detailL12econnrefusedE
0000000000000140 r _ZN6thrust6system6detailL12edestaddrreqE
0000000000000144 r _ZN6thrust6system6detailL12ehostunreachE
00000000000001f8 r _ZN6thrust6system6detailL12enametoolongE
0000000000000124 r _ZN6thrust6system6detailL13eaddrnotavailE
00000000000001a0 r _ZN6thrust6system6detailL15enotrecoverableE
000000000000019c r _ZN6thrust6system6detailL15eprotonosupportE
0000000000000208 r _ZN6thrust6system6detailL3eioE
00000000000001d0 r _ZN6thrust6system6detailL4edomE
00000000000001cc r _ZN6thrust6system6detailL5e2bigE
00000000000001d8 r _ZN6thrust6system6detailL5ebadfE
00000000000001e4 r _ZN6thrust6system6detailL5ebusyE
00000000000001f4 r _ZN6thrust6system6detailL5efbigE
0000000000000148 r _ZN6thrust6system6detailL5eidrmE
0000000000000200 r _ZN6thrust6system6detailL5eintrE
00000000000001b0 r _ZN6thrust6system6detailL5eloopE
0000000000000170 r _ZN6thrust6system6detailL5enosrE
000000000000021c r _ZN6thrust6system6detailL5enxioE
0000000000000234 r _ZN6thrust6system6detailL5epermE
00000000000001dc r _ZN6thrust6system6detailL5epipeE
000000000000023c r _ZN6thrust6system6detailL5erofsE
0000000000000228 r _ZN6thrust6system6detailL5esrchE
00000000000001a4 r _ZN6thrust6system6detailL5etimeE
00000000000001e0 r _ZN6thrust6system6detailL5exdevE
0000000000000238 r _ZN6thrust6system6detailL6eaccesE
0000000000000244 r _ZN6thrust6system6detailL6eagainE
0000000000000210 r _ZN6thrust6system6detailL6echildE
00000000000001f0 r _ZN6thrust6system6detailL6eexistE
00000000000001d4 r _ZN6thrust6system6detailL6efaultE
00000000000001c8 r _ZN6thrust6system6detailL6eilseqE
00000000000001c0 r _ZN6thrust6system6detailL6einvalE
000000000000020c r _ZN6thrust6system6detailL6eisdirE
000000000000024c r _ZN6thrust6system6detailL6emfileE
0000000000000250 r _ZN6thrust6system6detailL6emlinkE
0000000000000248 r _ZN6thrust6system6detailL6enfileE
0000000000000220 r _ZN6thrust6system6detailL6enodevE
0000000000000224 r _ZN6thrust6system6detailL6enoentE
0000000000000214 r _ZN6thrust6system6detailL6enolckE
0000000000000230 r _ZN6thrust6system6detailL6enomemE
0000000000000168 r _ZN6thrust6system6detailL6enomsgE
0000000000000218 r _ZN6thrust6system6detailL6enospcE
0000000000000178 r _ZN6thrust6system6detailL6enostrE
00000000000001bc r _ZN6thrust6system6detailL6enosysE
00000000000001fc r _ZN6thrust6system6detailL6enottyE
0000000000000198 r _ZN6thrust6system6detailL6eprotoE
00000000000001c4 r _ZN6thrust6system6detailL6erangeE
0000000000000204 r _ZN6thrust6system6detailL6espipeE
000000000000012c r _ZN6thrust6system6detailL7ebadmsgE
0000000000000240 r _ZN6thrust6system6detailL7edeadlkE
0000000000000128 r _ZN6thrust6system6detailL7eisconnE
000000000000015c r _ZN6thrust6system6detailL7enobufsE
0000000000000164 r _ZN6thrust6system6detailL7enodataE
00000000000001ec r _ZN6thrust6system6detailL7enoexecE
0000000000000160 r _ZN6thrust6system6detailL7enolinkE
000000000000022c r _ZN6thrust6system6detailL7enotdirE
0000000000000180 r _ZN6thrust6system6detailL7enotsupE
00000000000001a8 r _ZN6thrust6system6detailL7etxtbsyE
0000000000000134 r _ZN6thrust6system6detailL8ealreadyE
000000000000014c r _ZN6thrust6system6detailL8emsgsizeE
0000000000000150 r _ZN6thrust6system6detailL8enetdownE
000000000000017c r _ZN6thrust6system6detailL8enotconnE
0000000000000174 r _ZN6thrust6system6detailL8enotsockE
0000000000000184 r _ZN6thrust6system6detailL9ecanceledE
0000000000000154 r _ZN6thrust6system6detailL9enetresetE
00000000000001e8 r _ZN6thrust6system6detailL9enotemptyE
00000000000001b4 r _ZN6thrust6system6detailL9eoverflowE
00000000000001ac r _ZN6thrust6system6detailL9etimedoutE
0000000000000028 b _ZN6thrustL3seqE
0000000000000000 T _ZN8CudaFGMM15ResizeInvCovarsEii
00000000000000d2 T _ZN8CudaFGMM4ReadERSib
0000000000000000 W _ZN9__gnu_cxx13new_allocatorIN5kaldi10CuSpMatrixIfEEE10deallocateEPS3_m
0000000000000000 W _ZN9__gnu_cxx13new_allocatorIN5kaldi10CuSpMatrixIfEEE8allocateEmPKv
0000000000000274 r _ZN9__gnu_cxxL21__default_lock_policyE
0000000000000000 W _ZNK5kaldi12CuMatrixBaseIfE7NumColsEv
0000000000000000 W _ZNK5kaldi12CuVectorBaseIfE3DimEv
0000000000000000 W _ZNK5kaldi14CuPackedMatrixIfE7NumRowsEv
0000000000000000 W _ZNK9__gnu_cxx13new_allocatorIN5kaldi10CuSpMatrixIfEEE8max_sizeEv
                 U _ZNKSs7compareEPKc
0000000000000000 W _ZNKSt12_Vector_baseIN5kaldi10CuSpMatrixIfEESaIS2_EE19_M_get_Tp_allocatorEv
0000000000000000 W _ZNKSt6vectorIN5kaldi10CuSpMatrixIfEESaIS2_EE12_M_check_lenEmPKc
0000000000000000 W _ZNKSt6vectorIN5kaldi10CuSpMatrixIfEESaIS2_EE4sizeEv
0000000000000000 W _ZNKSt6vectorIN5kaldi10CuSpMatrixIfEESaIS2_EE8max_sizeEv
                 U _ZNSsC1Ev
                 U _ZNSsD1Ev
0000000000000000 W _ZNSt12_Destroy_auxILb0EE9__destroyIPN5kaldi10CuSpMatrixIfEEEEvT_S6_
0000000000000000 W _ZNSt12_Vector_baseIN5kaldi10CuSpMatrixIfEESaIS2_EE11_M_allocateEm
0000000000000000 W _ZNSt12_Vector_baseIN5kaldi10CuSpMatrixIfEESaIS2_EE13_M_deallocateEPS2_m
0000000000000000 W _ZNSt12_Vector_baseIN5kaldi10CuSpMatrixIfEESaIS2_EE19_M_get_Tp_allocatorEv
0000000000000000 W _ZNSt16allocator_traitsISaIN5kaldi10CuSpMatrixIfEEEE11_S_max_sizeIKS3_EENSt9enable_ifIXsrNS4_16__maxsize_helperIT_EE5valueEmE4typeERS9_
0000000000000000 W _ZNSt16allocator_traitsISaIN5kaldi10CuSpMatrixIfEEEE8max_sizeERKS3_
0000000000000000 W _ZNSt20__uninitialized_copyILb0EE13__uninit_copyIPN5kaldi10CuSpMatrixIfEES5_EET0_T_S7_S6_
0000000000000000 W _ZNSt27__uninitialized_default_n_1ILb0EE18__uninit_default_nIPN5kaldi10CuSpMatrixIfEEmEEvT_T0_
0000000000000000 W _ZNSt6vectorIN5kaldi10CuSpMatrixIfEESaIS2_EE15_M_erase_at_endEPS2_
0000000000000000 W _ZNSt6vectorIN5kaldi10CuSpMatrixIfEESaIS2_EE17_M_default_appendEm
0000000000000000 W _ZNSt6vectorIN5kaldi10CuSpMatrixIfEESaIS2_EE6resizeEm
0000000000000000 W _ZNSt6vectorIN5kaldi10CuSpMatrixIfEESaIS2_EEixEm
                 U _ZNSt8ios_base4InitC1Ev
                 U _ZNSt8ios_base4InitD1Ev
                 U _Znwm
0000000000000000 W _ZnwmPv
0000000000000000 W _ZSt10_ConstructIN5kaldi10CuSpMatrixIfEEIEEvPT_DpOT0_
0000000000000000 W _ZSt10_ConstructIN5kaldi10CuSpMatrixIfEEIRS2_EEvPT_DpOT0_
0000000000000000 W _ZSt10_ConstructIN5kaldi10CuSpMatrixIfEEJEEvPT_DpOT0_
0000000000000000 W _ZSt10_ConstructIN5kaldi10CuSpMatrixIfEEJRS2_EEvPT_DpOT0_
0000000000000000 W _ZSt11__addressofIN5kaldi10CuSpMatrixIfEEEPT_RS3_
                 U _ZSt17__throw_bad_allocv
0000000000000000 W _ZSt18uninitialized_copyIPN5kaldi10CuSpMatrixIfEES3_ET0_T_S5_S4_
                 U _ZSt20__throw_length_errorPKc
0000000000000000 W _ZSt22__uninitialized_copy_aIPN5kaldi10CuSpMatrixIfEES3_S2_ET0_T_S5_S4_RSaIT1_E
0000000000000000 W _ZSt25__uninitialized_default_nIPN5kaldi10CuSpMatrixIfEEmEvT_T0_
0000000000000000 W _ZSt27__uninitialized_default_n_aIPN5kaldi10CuSpMatrixIfEEmS2_EvT_T0_RSaIT1_E
0000000000000000 W _ZSt32__make_move_if_noexcept_iteratorIPN5kaldi10CuSpMatrixIfEES3_ET0_T_
0000000000000000 W _ZSt34__uninitialized_move_if_noexcept_aIPN5kaldi10CuSpMatrixIfEES3_SaIS2_EET0_T_S6_S5_RT1_
0000000000000000 W _ZSt3maxImERKT_S2_S2_
0000000000000000 W _ZSt7forwardIRN5kaldi10CuSpMatrixIfEEEOT_RNSt16remove_referenceIS4_E4typeE
0000000000000000 W _ZSt8_DestroyIN5kaldi10CuSpMatrixIfEEEvPT_
0000000000000000 W _ZSt8_DestroyIPN5kaldi10CuSpMatrixIfEEEvT_S4_
0000000000000000 W _ZSt8_DestroyIPN5kaldi10CuSpMatrixIfEES2_EvT_S4_RSaIT0_E
0000000000000000 W _ZSteqIcSt11char_traitsIcESaIcEEbRKSbIT_T0_T1_EPKS3_
0000000000000001 r _ZStL13allocator_arg
0000000000000000 r _ZStL19piecewise_construct
0000000000000002 r _ZStL6ignore
0000000000000000 b _ZStL8__ioinit
                 U _ZStlsIcSt11char_traitsIcESaIcEERSt13basic_ostreamIT_T0_ES7_RKSbIS4_S5_T1_E
                 U _ZStlsISt11char_traitsIcEERSt13basic_ostreamIcT_ES5_PKc
0000000000000000 W _ZStneIcSt11char_traitsIcESaIcEEbRKSbIT_T0_T1_EPKS3_
0000000000000298 r _ZZL18__gthread_active_pvE20__gthread_active_ptr
0000000000000280 r _ZZN8CudaFGMM15ResizeInvCovarsEiiE8__func__
0000000000000290 r _ZZN8CudaFGMM4ReadERSibE8__func__

my-cuda-ie.o:
                 U __cxa_atexit
                 U __cxa_begin_catch
                 U __cxa_end_catch
                 U __cxa_rethrow
                 U __dso_handle
0000000000000231 t _GLOBAL__sub_I__ZN6CudaIE4ReadERSib
                 U __gxx_personality_v0
                 U __stack_chk_fail
                 U _Unwind_Resume
00000000000001f4 t _Z41__static_initialization_and_destruction_0ii
                 U _ZdlPv
0000000000000000 W _ZdlPvS_
0000000000000000 W _ZN22KaldiCompileTimeAssertILb1EE5CheckEv
0000000000000000 W _ZN5kaldi10CuSpMatrixIdEC1ERKS1_
0000000000000000 W _ZN5kaldi10CuSpMatrixIdEC1Ev
0000000000000000 W _ZN5kaldi10CuSpMatrixIdEC2ERKS1_
0000000000000000 W _ZN5kaldi10CuSpMatrixIdEC2Ev
0000000000000000 n _ZN5kaldi10CuSpMatrixIdEC5ERKS1_
0000000000000000 n _ZN5kaldi10CuSpMatrixIdEC5Ev
0000000000000000 W _ZN5kaldi10CuSpMatrixIdED1Ev
0000000000000000 W _ZN5kaldi10CuSpMatrixIdED2Ev
0000000000000000 n _ZN5kaldi10CuSpMatrixIdED5Ev
                 U _ZN5kaldi11ExpectTokenERSibPKc
0000000000000000 W _ZN5kaldi12CuMatrixBaseIdEC1Ev
0000000000000000 W _ZN5kaldi12CuMatrixBaseIdEC2Ev
0000000000000000 n _ZN5kaldi12CuMatrixBaseIdEC5Ev
                 U _ZN5kaldi13ReadBasicTypeIdEEvRSibPT_
0000000000000000 W _ZN5kaldi13ReadBasicTypeIiEEvRSibPT_
                 U _ZN5kaldi14CuPackedMatrixIdE14CopyFromPackedERKS1_
                 U _ZN5kaldi14CuPackedMatrixIdE4ReadERSib
                 U _ZN5kaldi14CuPackedMatrixIdE6ResizeEiNS_16MatrixResizeTypeE
                 U _ZN5kaldi14CuPackedMatrixIdE7DestroyEv
0000000000000000 W _ZN5kaldi14CuPackedMatrixIdEC1ERKS1_
0000000000000000 W _ZN5kaldi14CuPackedMatrixIdEC1Ev
0000000000000000 W _ZN5kaldi14CuPackedMatrixIdEC2ERKS1_
0000000000000000 W _ZN5kaldi14CuPackedMatrixIdEC2Ev
0000000000000000 n _ZN5kaldi14CuPackedMatrixIdEC5ERKS1_
0000000000000000 n _ZN5kaldi14CuPackedMatrixIdEC5Ev
0000000000000000 W _ZN5kaldi14CuPackedMatrixIdED1Ev
0000000000000000 W _ZN5kaldi14CuPackedMatrixIdED2Ev
0000000000000000 n _ZN5kaldi14CuPackedMatrixIdED5Ev
0000000000000000 W _ZN5kaldi17KaldiErrorMessage6streamEv
                 U _ZN5kaldi17KaldiErrorMessageC1EPKcS2_i
                 U _ZN5kaldi17KaldiErrorMessageD1Ev
                 U _ZN5kaldi19KaldiAssertFailure_EPKcS1_iS1_
                 U _ZN5kaldi8CuMatrixIdE4ReadERSib
                 U _ZN5kaldi8CuMatrixIdE7DestroyEv
                 U _ZN5kaldi8CuMatrixIdEC1ERKS1_NS_19MatrixTransposeTypeE
0000000000000000 W _ZN5kaldi8CuMatrixIdEC1Ev
0000000000000000 W _ZN5kaldi8CuMatrixIdEC2Ev
0000000000000000 n _ZN5kaldi8CuMatrixIdEC5Ev
0000000000000000 W _ZN5kaldi8CuMatrixIdED1Ev
0000000000000000 W _ZN5kaldi8CuMatrixIdED2Ev
0000000000000000 n _ZN5kaldi8CuMatrixIdED5Ev
                 U _ZN5kaldi8CuVectorIdE4ReadERSib
000000000000019c r _ZN5kaldiL13kLogZeroFloatE
00000000000001a0 r _ZN5kaldiL14kLogZeroDoubleE
00000000000001b8 r _ZN5kaldiL16kMinLogDiffFloatE
00000000000001a8 r _ZN5kaldiL17kLogZeroBaseFloatE
00000000000001b0 r _ZN5kaldiL17kMinLogDiffDoubleE
0000000000000000 T _ZN6CudaIE4ReadERSib
0000000000000000 W _ZN9__gnu_cxx13new_allocatorIN5kaldi10CuSpMatrixIdEEE10deallocateEPS3_m
0000000000000000 W _ZN9__gnu_cxx13new_allocatorIN5kaldi10CuSpMatrixIdEEE8allocateEmPKv
0000000000000000 W _ZN9__gnu_cxx13new_allocatorIN5kaldi8CuMatrixIdEEE10deallocateEPS3_m
0000000000000000 W _ZN9__gnu_cxx13new_allocatorIN5kaldi8CuMatrixIdEEE8allocateEmPKv
0000000000000000 W _ZNK5kaldi14CuPackedMatrixIdE7NumRowsEv
0000000000000000 W _ZNK9__gnu_cxx13new_allocatorIN5kaldi10CuSpMatrixIdEEE8max_sizeEv
0000000000000000 W _ZNK9__gnu_cxx13new_allocatorIN5kaldi8CuMatrixIdEEE8max_sizeEv
0000000000000000 W _ZNKSt12_Vector_baseIN5kaldi10CuSpMatrixIdEESaIS2_EE19_M_get_Tp_allocatorEv
0000000000000000 W _ZNKSt12_Vector_baseIN5kaldi8CuMatrixIdEESaIS2_EE19_M_get_Tp_allocatorEv
0000000000000000 W _ZNKSt4fposI11__mbstate_tEcvlEv
0000000000000000 W _ZNKSt6vectorIN5kaldi10CuSpMatrixIdEESaIS2_EE12_M_check_lenEmPKc
0000000000000000 W _ZNKSt6vectorIN5kaldi10CuSpMatrixIdEESaIS2_EE4sizeEv
0000000000000000 W _ZNKSt6vectorIN5kaldi10CuSpMatrixIdEESaIS2_EE8max_sizeEv
0000000000000000 W _ZNKSt6vectorIN5kaldi8CuMatrixIdEESaIS2_EE12_M_check_lenEmPKc
0000000000000000 W _ZNKSt6vectorIN5kaldi8CuMatrixIdEESaIS2_EE4sizeEv
0000000000000000 W _ZNKSt6vectorIN5kaldi8CuMatrixIdEESaIS2_EE8max_sizeEv
                 U _ZNKSt9basic_iosIcSt11char_traitsIcEE4failEv
                 U _ZNSi3getEv
                 U _ZNSi4peekEv
                 U _ZNSi4readEPcl
                 U _ZNSi5tellgEv
                 U _ZNSirsERi
                 U _ZNSolsEi
                 U _ZNSolsEl
0000000000000000 W _ZNSt12_Destroy_auxILb0EE9__destroyIPN5kaldi10CuSpMatrixIdEEEEvT_S6_
0000000000000000 W _ZNSt12_Destroy_auxILb0EE9__destroyIPN5kaldi8CuMatrixIdEEEEvT_S6_
0000000000000000 W _ZNSt12_Vector_baseIN5kaldi10CuSpMatrixIdEESaIS2_EE11_M_allocateEm
0000000000000000 W _ZNSt12_Vector_baseIN5kaldi10CuSpMatrixIdEESaIS2_EE13_M_deallocateEPS2_m
0000000000000000 W _ZNSt12_Vector_baseIN5kaldi10CuSpMatrixIdEESaIS2_EE19_M_get_Tp_allocatorEv
0000000000000000 W _ZNSt12_Vector_baseIN5kaldi8CuMatrixIdEESaIS2_EE11_M_allocateEm
0000000000000000 W _ZNSt12_Vector_baseIN5kaldi8CuMatrixIdEESaIS2_EE13_M_deallocateEPS2_m
0000000000000000 W _ZNSt12_Vector_baseIN5kaldi8CuMatrixIdEESaIS2_EE19_M_get_Tp_allocatorEv
0000000000000000 W _ZNSt16allocator_traitsISaIN5kaldi10CuSpMatrixIdEEEE11_S_max_sizeIKS3_EENSt9enable_ifIXsrNS4_16__maxsize_helperIT_EE5valueEmE4typeERS9_
0000000000000000 W _ZNSt16allocator_traitsISaIN5kaldi10CuSpMatrixIdEEEE8max_sizeERKS3_
0000000000000000 W _ZNSt16allocator_traitsISaIN5kaldi8CuMatrixIdEEEE11_S_max_sizeIKS3_EENSt9enable_ifIXsrNS4_16__maxsize_helperIT_EE5valueEmE4typeERS9_
0000000000000000 W _ZNSt16allocator_traitsISaIN5kaldi8CuMatrixIdEEEE8max_sizeERKS3_
0000000000000000 W _ZNSt20__uninitialized_copyILb0EE13__uninit_copyIPN5kaldi10CuSpMatrixIdEES5_EET0_T_S7_S6_
0000000000000000 W _ZNSt20__uninitialized_copyILb0EE13__uninit_copyIPN5kaldi8CuMatrixIdEES5_EET0_T_S7_S6_
0000000000000000 W _ZNSt27__uninitialized_default_n_1ILb0EE18__uninit_default_nIPN5kaldi10CuSpMatrixIdEEmEEvT_T0_
0000000000000000 W _ZNSt27__uninitialized_default_n_1ILb0EE18__uninit_default_nIPN5kaldi8CuMatrixIdEEmEEvT_T0_
0000000000000000 W _ZNSt6vectorIN5kaldi10CuSpMatrixIdEESaIS2_EE15_M_erase_at_endEPS2_
0000000000000000 W _ZNSt6vectorIN5kaldi10CuSpMatrixIdEESaIS2_EE17_M_default_appendEm
0000000000000000 W _ZNSt6vectorIN5kaldi10CuSpMatrixIdEESaIS2_EE6resizeEm
0000000000000000 W _ZNSt6vectorIN5kaldi10CuSpMatrixIdEESaIS2_EEixEm
0000000000000000 W _ZNSt6vectorIN5kaldi8CuMatrixIdEESaIS2_EE15_M_erase_at_endEPS2_
0000000000000000 W _ZNSt6vectorIN5kaldi8CuMatrixIdEESaIS2_EE17_M_default_appendEm
0000000000000000 W _ZNSt6vectorIN5kaldi8CuMatrixIdEESaIS2_EE6resizeEm
0000000000000000 W _ZNSt6vectorIN5kaldi8CuMatrixIdEESaIS2_EEixEm
                 U _ZNSt8ios_base4InitC1Ev
                 U _ZNSt8ios_base4InitD1Ev
                 U _Znwm
0000000000000000 W _ZnwmPv
0000000000000000 W _ZSt10_ConstructIN5kaldi10CuSpMatrixIdEEIEEvPT_DpOT0_
0000000000000000 W _ZSt10_ConstructIN5kaldi10CuSpMatrixIdEEIRS2_EEvPT_DpOT0_
0000000000000000 W _ZSt10_ConstructIN5kaldi10CuSpMatrixIdEEJEEvPT_DpOT0_
0000000000000000 W _ZSt10_ConstructIN5kaldi10CuSpMatrixIdEEJRS2_EEvPT_DpOT0_
0000000000000000 W _ZSt10_ConstructIN5kaldi8CuMatrixIdEEIEEvPT_DpOT0_
0000000000000000 W _ZSt10_ConstructIN5kaldi8CuMatrixIdEEIRS2_EEvPT_DpOT0_
0000000000000000 W _ZSt10_ConstructIN5kaldi8CuMatrixIdEEJEEvPT_DpOT0_
0000000000000000 W _ZSt10_ConstructIN5kaldi8CuMatrixIdEEJRS2_EEvPT_DpOT0_
0000000000000000 W _ZSt11__addressofIN5kaldi10CuSpMatrixIdEEEPT_RS3_
0000000000000000 W _ZSt11__addressofIN5kaldi8CuMatrixIdEEEPT_RS3_
                 U _ZSt17__throw_bad_allocv
0000000000000000 W _ZSt18uninitialized_copyIPN5kaldi10CuSpMatrixIdEES3_ET0_T_S5_S4_
0000000000000000 W _ZSt18uninitialized_copyIPN5kaldi8CuMatrixIdEES3_ET0_T_S5_S4_
                 U _ZSt20__throw_length_errorPKc
0000000000000000 W _ZSt22__uninitialized_copy_aIPN5kaldi10CuSpMatrixIdEES3_S2_ET0_T_S5_S4_RSaIT1_E
0000000000000000 W _ZSt22__uninitialized_copy_aIPN5kaldi8CuMatrixIdEES3_S2_ET0_T_S5_S4_RSaIT1_E
0000000000000000 W _ZSt25__uninitialized_default_nIPN5kaldi10CuSpMatrixIdEEmEvT_T0_
0000000000000000 W _ZSt25__uninitialized_default_nIPN5kaldi8CuMatrixIdEEmEvT_T0_
0000000000000000 W _ZSt27__uninitialized_default_n_aIPN5kaldi10CuSpMatrixIdEEmS2_EvT_T0_RSaIT1_E
0000000000000000 W _ZSt27__uninitialized_default_n_aIPN5kaldi8CuMatrixIdEEmS2_EvT_T0_RSaIT1_E
0000000000000000 W _ZSt32__make_move_if_noexcept_iteratorIPN5kaldi10CuSpMatrixIdEES3_ET0_T_
0000000000000000 W _ZSt32__make_move_if_noexcept_iteratorIPN5kaldi8CuMatrixIdEES3_ET0_T_
0000000000000000 W _ZSt34__uninitialized_move_if_noexcept_aIPN5kaldi10CuSpMatrixIdEES3_SaIS2_EET0_T_S6_S5_RT1_
0000000000000000 W _ZSt34__uninitialized_move_if_noexcept_aIPN5kaldi8CuMatrixIdEES3_SaIS2_EET0_T_S6_S5_RT1_
0000000000000000 W _ZSt3maxImERKT_S2_S2_
0000000000000000 W _ZSt7forwardIRN5kaldi10CuSpMatrixIdEEEOT_RNSt16remove_referenceIS4_E4typeE
0000000000000000 W _ZSt7forwardIRN5kaldi8CuMatrixIdEEEOT_RNSt16remove_referenceIS4_E4typeE
0000000000000000 W _ZSt8_DestroyIN5kaldi10CuSpMatrixIdEEEvPT_
0000000000000000 W _ZSt8_DestroyIN5kaldi8CuMatrixIdEEEvPT_
0000000000000000 W _ZSt8_DestroyIPN5kaldi10CuSpMatrixIdEEEvT_S4_
0000000000000000 W _ZSt8_DestroyIPN5kaldi10CuSpMatrixIdEES2_EvT_S4_RSaIT0_E
0000000000000000 W _ZSt8_DestroyIPN5kaldi8CuMatrixIdEEEvT_S4_
0000000000000000 W _ZSt8_DestroyIPN5kaldi8CuMatrixIdEES2_EvT_S4_RSaIT0_E
0000000000000001 r _ZStL13allocator_arg
0000000000000000 r _ZStL19piecewise_construct
0000000000000002 r _ZStL6ignore
0000000000000000 b _ZStL8__ioinit
                 U _ZStlsISt11char_traitsIcEERSt13basic_ostreamIcT_ES5_PKc
00000000000001c1 r _ZZN5kaldi13ReadBasicTypeIiEEvRSibPT_E8__func__
00000000000001bc r _ZZN6CudaIE4ReadERSibE8__func__

my-cuda-sre.o:
                 U __cxa_atexit
                 U __dso_handle
                 U fprintf
0000000000000302 t _GLOBAL__sub_I__Z24ivector_normalize_lengthRN5kaldi6VectorIfEE
                 U __gxx_personality_v0
                 w __pthread_key_create
                 U sqrt
                 U stderr
                 U _Unwind_Resume
0000000000000186 T _Z12ivector_meanRN5kaldi6VectorIfEE
0000000000000000 T _Z24ivector_normalize_lengthRN5kaldi6VectorIfEE
000000000000023b t _Z41__static_initialization_and_destruction_0ii
0000000000000000 W _ZN22KaldiCompileTimeAssertILb1EE5CheckEv
0000000000000180 r _ZN3fstL13FST_ONCE_INITE
                 U _ZN5kaldi10VectorBaseIfE11CopyFromVecERKS1_
                 U _ZN5kaldi10VectorBaseIfE5ScaleEf
0000000000000000 W _ZN5kaldi10VectorBaseIfEC1Ev
0000000000000000 W _ZN5kaldi10VectorBaseIfEC2Ev
0000000000000000 n _ZN5kaldi10VectorBaseIfEC5Ev
0000000000000000 W _ZN5kaldi10VectorBaseIfED1Ev
0000000000000000 W _ZN5kaldi10VectorBaseIfED2Ev
0000000000000000 n _ZN5kaldi10VectorBaseIfED5Ev
0000000000000000 W _ZN5kaldi15KaldiLogMessage6streamEv
                 U _ZN5kaldi15KaldiLogMessageC1EPKcS2_i
0000000000000000 W _ZN5kaldi15KaldiLogMessageD1Ev
0000000000000000 W _ZN5kaldi15KaldiLogMessageD2Ev
0000000000000000 n _ZN5kaldi15KaldiLogMessageD5Ev
                 U _ZN5kaldi6VectorIfE6ResizeEiNS_16MatrixResizeTypeE
                 U _ZN5kaldi6VectorIfE7DestroyEv
0000000000000000 W _ZN5kaldi6VectorIfEaSERKS1_
0000000000000000 W _ZN5kaldi6VectorIfEC1ERKS1_
0000000000000000 W _ZN5kaldi6VectorIfEC2ERKS1_
0000000000000000 n _ZN5kaldi6VectorIfEC5ERKS1_
0000000000000000 W _ZN5kaldi6VectorIfED1Ev
0000000000000000 W _ZN5kaldi6VectorIfED2Ev
0000000000000000 n _ZN5kaldi6VectorIfED5Ev
0000000000000184 r _ZN5kaldiL13kLogZeroFloatE
0000000000000188 r _ZN5kaldiL14kLogZeroDoubleE
00000000000001a0 r _ZN5kaldiL16kMinLogDiffFloatE
0000000000000190 r _ZN5kaldiL17kLogZeroBaseFloatE
0000000000000198 r _ZN5kaldiL17kMinLogDiffDoubleE
00000000000001a8 r _ZN5kaldiL6kNoPdfE
00000000000001a4 r _ZN5kaldiL9kPdfClassE
0000000000000002 b _ZN6thrust12placeholdersL2_1E
0000000000000003 b _ZN6thrust12placeholdersL2_2E
0000000000000004 b _ZN6thrust12placeholdersL2_3E
0000000000000005 b _ZN6thrust12placeholdersL2_4E
0000000000000006 b _ZN6thrust12placeholdersL2_5E
0000000000000007 b _ZN6thrust12placeholdersL2_6E
0000000000000008 b _ZN6thrust12placeholdersL2_7E
0000000000000009 b _ZN6thrust12placeholdersL2_8E
000000000000000a b _ZN6thrust12placeholdersL2_9E
000000000000000b b _ZN6thrust12placeholdersL3_10E
0000000000000000 W _ZN6thrust16execution_policyINS_6system6detail10sequential3tagEEC1Ev
0000000000000000 W _ZN6thrust16execution_policyINS_6system6detail10sequential3tagEEC2Ev
0000000000000000 n _ZN6thrust16execution_policyINS_6system6detail10sequential3tagEEC5Ev
0000000000000000 W _ZN6thrust6detail10functional5actorINS1_8argumentILj0EEEEC1Ev
0000000000000000 W _ZN6thrust6detail10functional5actorINS1_8argumentILj0EEEEC2Ev
0000000000000000 n _ZN6thrust6detail10functional5actorINS1_8argumentILj0EEEEC5Ev
0000000000000000 W _ZN6thrust6detail10functional5actorINS1_8argumentILj1EEEEC1Ev
0000000000000000 W _ZN6thrust6detail10functional5actorINS1_8argumentILj1EEEEC2Ev
0000000000000000 n _ZN6thrust6detail10functional5actorINS1_8argumentILj1EEEEC5Ev
0000000000000000 W _ZN6thrust6detail10functional5actorINS1_8argumentILj2EEEEC1Ev
0000000000000000 W _ZN6thrust6detail10functional5actorINS1_8argumentILj2EEEEC2Ev
0000000000000000 n _ZN6thrust6detail10functional5actorINS1_8argumentILj2EEEEC5Ev
0000000000000000 W _ZN6thrust6detail10functional5actorINS1_8argumentILj3EEEEC1Ev
0000000000000000 W _ZN6thrust6detail10functional5actorINS1_8argumentILj3EEEEC2Ev
0000000000000000 n _ZN6thrust6detail10functional5actorINS1_8argumentILj3EEEEC5Ev
0000000000000000 W _ZN6thrust6detail10functional5actorINS1_8argumentILj4EEEEC1Ev
0000000000000000 W _ZN6thrust6detail10functional5actorINS1_8argumentILj4EEEEC2Ev
0000000000000000 n _ZN6thrust6detail10functional5actorINS1_8argumentILj4EEEEC5Ev
0000000000000000 W _ZN6thrust6detail10functional5actorINS1_8argumentILj5EEEEC1Ev
0000000000000000 W _ZN6thrust6detail10functional5actorINS1_8argumentILj5EEEEC2Ev
0000000000000000 n _ZN6thrust6detail10functional5actorINS1_8argumentILj5EEEEC5Ev
0000000000000000 W _ZN6thrust6detail10functional5actorINS1_8argumentILj6EEEEC1Ev
0000000000000000 W _ZN6thrust6detail10functional5actorINS1_8argumentILj6EEEEC2Ev
0000000000000000 n _ZN6thrust6detail10functional5actorINS1_8argumentILj6EEEEC5Ev
0000000000000000 W _ZN6thrust6detail10functional5actorINS1_8argumentILj7EEEEC1Ev
0000000000000000 W _ZN6thrust6detail10functional5actorINS1_8argumentILj7EEEEC2Ev
0000000000000000 n _ZN6thrust6detail10functional5actorINS1_8argumentILj7EEEEC5Ev
0000000000000000 W _ZN6thrust6detail10functional5actorINS1_8argumentILj8EEEEC1Ev
0000000000000000 W _ZN6thrust6detail10functional5actorINS1_8argumentILj8EEEEC2Ev
0000000000000000 n _ZN6thrust6detail10functional5actorINS1_8argumentILj8EEEEC5Ev
0000000000000000 W _ZN6thrust6detail10functional5actorINS1_8argumentILj9EEEEC1Ev
0000000000000000 W _ZN6thrust6detail10functional5actorINS1_8argumentILj9EEEEC2Ev
0000000000000000 n _ZN6thrust6detail10functional5actorINS1_8argumentILj9EEEEC5Ev
0000000000000000 W _ZN6thrust6detail10functional8argumentILj0EEC1Ev
0000000000000000 W _ZN6thrust6detail10functional8argumentILj0EEC2Ev
0000000000000000 n _ZN6thrust6detail10functional8argumentILj0EEC5Ev
0000000000000000 W _ZN6thrust6detail10functional8argumentILj1EEC1Ev
0000000000000000 W _ZN6thrust6detail10functional8argumentILj1EEC2Ev
0000000000000000 n _ZN6thrust6detail10functional8argumentILj1EEC5Ev
0000000000000000 W _ZN6thrust6detail10functional8argumentILj2EEC1Ev
0000000000000000 W _ZN6thrust6detail10functional8argumentILj2EEC2Ev
0000000000000000 n _ZN6thrust6detail10functional8argumentILj2EEC5Ev
0000000000000000 W _ZN6thrust6detail10functional8argumentILj3EEC1Ev
0000000000000000 W _ZN6thrust6detail10functional8argumentILj3EEC2Ev
0000000000000000 n _ZN6thrust6detail10functional8argumentILj3EEC5Ev
0000000000000000 W _ZN6thrust6detail10functional8argumentILj4EEC1Ev
0000000000000000 W _ZN6thrust6detail10functional8argumentILj4EEC2Ev
0000000000000000 n _ZN6thrust6detail10functional8argumentILj4EEC5Ev
0000000000000000 W _ZN6thrust6detail10functional8argumentILj5EEC1Ev
0000000000000000 W _ZN6thrust6detail10functional8argumentILj5EEC2Ev
0000000000000000 n _ZN6thrust6detail10functional8argumentILj5EEC5Ev
0000000000000000 W _ZN6thrust6detail10functional8argumentILj6EEC1Ev
0000000000000000 W _ZN6thrust6detail10functional8argumentILj6EEC2Ev
0000000000000000 n _ZN6thrust6detail10functional8argumentILj6EEC5Ev
0000000000000000 W _ZN6thrust6detail10functional8argumentILj7EEC1Ev
0000000000000000 W _ZN6thrust6detail10functional8argumentILj7EEC2Ev
0000000000000000 n _ZN6thrust6detail10functional8argumentILj7EEC5Ev
0000000000000000 W _ZN6thrust6detail10functional8argumentILj8EEC1Ev
0000000000000000 W _ZN6thrust6detail10functional8argumentILj8EEC2Ev
0000000000000000 n _ZN6thrust6detail10functional8argumentILj8EEC5Ev
0000000000000000 W _ZN6thrust6detail10functional8argumentILj9EEC1Ev
0000000000000000 W _ZN6thrust6detail10functional8argumentILj9EEC2Ev
0000000000000000 n _ZN6thrust6detail10functional8argumentILj9EEC5Ev
0000000000000000 W _ZN6thrust6detail21execution_policy_baseINS_6system6detail10sequential3tagEEC1Ev
0000000000000000 W _ZN6thrust6detail21execution_policy_baseINS_6system6detail10sequential3tagEEC2Ev
0000000000000000 n _ZN6thrust6detail21execution_policy_baseINS_6system6detail10sequential3tagEEC5Ev
0000000000000000 W _ZN6thrust6detail5seq_tC1Ev
0000000000000000 W _ZN6thrust6detail5seq_tC2Ev
0000000000000000 n _ZN6thrust6detail5seq_tC5Ev
0000000000000010 b _ZN6thrust6system4cuda6detail5bulk_6detail12_GLOBAL__N_119s_on_chip_allocatorE
0000000000000000 W _ZN6thrust6system4cuda6detail5bulk_6detail6cursorILj0EEC1Ev
0000000000000000 W _ZN6thrust6system4cuda6detail5bulk_6detail6cursorILj0EEC2Ev
0000000000000000 n _ZN6thrust6system4cuda6detail5bulk_6detail6cursorILj0EEC5Ev
0000000000000000 W _ZN6thrust6system4cuda6detail5bulk_6detail6cursorILj1EEC1Ev
0000000000000000 W _ZN6thrust6system4cuda6detail5bulk_6detail6cursorILj1EEC2Ev
0000000000000000 n _ZN6thrust6system4cuda6detail5bulk_6detail6cursorILj1EEC5Ev
0000000000000000 W _ZN6thrust6system4cuda6detail5bulk_6detail6cursorILj2EEC1Ev
0000000000000000 W _ZN6thrust6system4cuda6detail5bulk_6detail6cursorILj2EEC2Ev
0000000000000000 n _ZN6thrust6system4cuda6detail5bulk_6detail6cursorILj2EEC5Ev
0000000000000000 W _ZN6thrust6system4cuda6detail5bulk_6detail6cursorILj3EEC1Ev
0000000000000000 W _ZN6thrust6system4cuda6detail5bulk_6detail6cursorILj3EEC2Ev
0000000000000000 n _ZN6thrust6system4cuda6detail5bulk_6detail6cursorILj3EEC5Ev
0000000000000040 r _ZN6thrust6system4cuda6detail5bulk_L11use_defaultE
000000000000003c r _ZN6thrust6system4cuda6detail5bulk_L13invalid_indexE
0000000000000044 r _ZN6thrust6system4cuda6detail5bulk_L18dynamic_group_sizeE
000000000000000c b _ZN6thrust6system4cuda6detail5bulk_L4rootE
0000000000000000 W _ZN6thrust6system6detail10sequential16execution_policyINS2_3tagEEC1Ev
0000000000000000 W _ZN6thrust6system6detail10sequential16execution_policyINS2_3tagEEC2Ev
0000000000000000 n _ZN6thrust6system6detail10sequential16execution_policyINS2_3tagEEC5Ev
0000000000000000 W _ZN6thrust6system6detail10sequential3tagC1Ev
0000000000000000 W _ZN6thrust6system6detail10sequential3tagC2Ev
0000000000000000 n _ZN6thrust6system6detail10sequential3tagC5Ev
0000000000000001 b _ZN6thrust6system6detail10sequentialL3seqE
000000000000004c r _ZN6thrust6system6detailL10eaddrinuseE
0000000000000068 r _ZN6thrust6system6detailL10econnresetE
00000000000000b8 r _ZN6thrust6system6detailL10eopnotsuppE
00000000000000c0 r _ZN6thrust6system6detailL10eownerdeadE
00000000000000e4 r _ZN6thrust6system6detailL10eprototypeE
00000000000000b4 r _ZN6thrust6system6detailL11einprogressE
0000000000000084 r _ZN6thrust6system6detailL11enetunreachE
0000000000000098 r _ZN6thrust6system6detailL11enoprotooptE
00000000000000bc r _ZN6thrust6system6detailL11ewouldblockE
0000000000000048 r _ZN6thrust6system6detailL12eafnosupportE
000000000000005c r _ZN6thrust6system6detailL12econnabortedE
0000000000000064 r _ZN6thrust6system6detailL12econnrefusedE
000000000000006c r _ZN6thrust6system6detailL12edestaddrreqE
0000000000000070 r _ZN6thrust6system6detailL12ehostunreachE
0000000000000124 r _ZN6thrust6system6detailL12enametoolongE
0000000000000050 r _ZN6thrust6system6detailL13eaddrnotavailE
00000000000000cc r _ZN6thrust6system6detailL15enotrecoverableE
00000000000000c8 r _ZN6thrust6system6detailL15eprotonosupportE
0000000000000134 r _ZN6thrust6system6detailL3eioE
00000000000000fc r _ZN6thrust6system6detailL4edomE
00000000000000f8 r _ZN6thrust6system6detailL5e2bigE
0000000000000104 r _ZN6thrust6system6detailL5ebadfE
0000000000000110 r _ZN6thrust6system6detailL5ebusyE
0000000000000120 r _ZN6thrust6system6detailL5efbigE
0000000000000074 r _ZN6thrust6system6detailL5eidrmE
000000000000012c r _ZN6thrust6system6detailL5eintrE
00000000000000dc r _ZN6thrust6system6detailL5eloopE
000000000000009c r _ZN6thrust6system6detailL5enosrE
0000000000000148 r _ZN6thrust6system6detailL5enxioE
0000000000000160 r _ZN6thrust6system6detailL5epermE
0000000000000108 r _ZN6thrust6system6detailL5epipeE
0000000000000168 r _ZN6thrust6system6detailL5erofsE
0000000000000154 r _ZN6thrust6system6detailL5esrchE
00000000000000d0 r _ZN6thrust6system6detailL5etimeE
000000000000010c r _ZN6thrust6system6detailL5exdevE
0000000000000164 r _ZN6thrust6system6detailL6eaccesE
0000000000000170 r _ZN6thrust6system6detailL6eagainE
000000000000013c r _ZN6thrust6system6detailL6echildE
000000000000011c r _ZN6thrust6system6detailL6eexistE
0000000000000100 r _ZN6thrust6system6detailL6efaultE
00000000000000f4 r _ZN6thrust6system6detailL6eilseqE
00000000000000ec r _ZN6thrust6system6detailL6einvalE
0000000000000138 r _ZN6thrust6system6detailL6eisdirE
0000000000000178 r _ZN6thrust6system6detailL6emfileE
000000000000017c r _ZN6thrust6system6detailL6emlinkE
0000000000000174 r _ZN6thrust6system6detailL6enfileE
000000000000014c r _ZN6thrust6system6detailL6enodevE
0000000000000150 r _ZN6thrust6system6detailL6enoentE
0000000000000140 r _ZN6thrust6system6detailL6enolckE
000000000000015c r _ZN6thrust6system6detailL6enomemE
0000000000000094 r _ZN6thrust6system6detailL6enomsgE
0000000000000144 r _ZN6thrust6system6detailL6enospcE
00000000000000a4 r _ZN6thrust6system6detailL6enostrE
00000000000000e8 r _ZN6thrust6system6detailL6enosysE
0000000000000128 r _ZN6thrust6system6detailL6enottyE
00000000000000c4 r _ZN6thrust6system6detailL6eprotoE
00000000000000f0 r _ZN6thrust6system6detailL6erangeE
0000000000000130 r _ZN6thrust6system6detailL6espipeE
0000000000000058 r _ZN6thrust6system6detailL7ebadmsgE
000000000000016c r _ZN6thrust6system6detailL7edeadlkE
0000000000000054 r _ZN6thrust6system6detailL7eisconnE
0000000000000088 r _ZN6thrust6system6detailL7enobufsE
0000000000000090 r _ZN6thrust6system6detailL7enodataE
0000000000000118 r _ZN6thrust6system6detailL7enoexecE
000000000000008c r _ZN6thrust6system6detailL7enolinkE
0000000000000158 r _ZN6thrust6system6detailL7enotdirE
00000000000000ac r _ZN6thrust6system6detailL7enotsupE
00000000000000d4 r _ZN6thrust6system6detailL7etxtbsyE
0000000000000060 r _ZN6thrust6system6detailL8ealreadyE
0000000000000078 r _ZN6thrust6system6detailL8emsgsizeE
000000000000007c r _ZN6thrust6system6detailL8enetdownE
00000000000000a8 r _ZN6thrust6system6detailL8enotconnE
00000000000000a0 r _ZN6thrust6system6detailL8enotsockE
00000000000000b0 r _ZN6thrust6system6detailL9ecanceledE
0000000000000080 r _ZN6thrust6system6detailL9enetresetE
0000000000000114 r _ZN6thrust6system6detailL9enotemptyE
00000000000000e0 r _ZN6thrust6system6detailL9eoverflowE
00000000000000d8 r _ZN6thrust6system6detailL9etimedoutE
0000000000000028 b _ZN6thrustL3seqE
00000000000001ac r _ZN9__gnu_cxxL21__default_lock_policyE
0000000000000000 W _ZNK5kaldi10VectorBaseIfE3DimEv
                 U _ZNK5kaldi10VectorBaseIfE4NormEf
                 U _ZNKSs5c_strEv
                 U _ZNKSt19basic_ostringstreamIcSt11char_traitsIcESaIcEE3strEv
                 U _ZNSolsEf
                 U _ZNSolsEPFRSoS_E
                 U _ZNSsD1Ev
                 U _ZNSt19basic_ostringstreamIcSt11char_traitsIcESaIcEED1Ev
                 U _ZNSt8ios_base4InitC1Ev
                 U _ZNSt8ios_base4InitD1Ev
                 U _ZSt4cout
                 U _ZSt4endlIcSt11char_traitsIcEERSt13basic_ostreamIT_T0_ES6_
0000000000000005 r _ZStL13allocator_arg
0000000000000000 r _ZStL19piecewise_construct
0000000000000006 r _ZStL6ignore
0000000000000000 b _ZStL8__ioinit
                 U _ZStlsISt11char_traitsIcEERSt13basic_ostreamIcT_ES5_PKc
00000000000001b0 r _ZZ24ivector_normalize_lengthRN5kaldi6VectorIfEEE8__func__
00000000000001d0 r _ZZL18__gthread_active_pvE20__gthread_active_ptr

OptionStruct.o:
                 U cos
                 U __cxa_atexit
                 U __dso_handle
                 U exit
00000000000003a9 t _GLOBAL__sub_I__ZN25CudaFeatureWindowFunctionC2ERK26CudaFrameExtractionOptions
                 U __gxx_personality_v0
                 U pow
                 U _Unwind_Resume
000000000000036c t _Z41__static_initialization_and_destruction_0ii
0000000000000000 W _ZN22KaldiCompileTimeAssertILb1EE5CheckEv
0000000000000000 T _ZN25CudaFeatureWindowFunctionC1ERK26CudaFrameExtractionOptions
0000000000000000 T _ZN25CudaFeatureWindowFunctionC2ERK26CudaFrameExtractionOptions
0000000000000000 W _ZN5kaldi10VectorBaseIfEC1Ev
0000000000000000 W _ZN5kaldi10VectorBaseIfEC2Ev
0000000000000000 n _ZN5kaldi10VectorBaseIfEC5Ev
0000000000000000 W _ZN5kaldi10VectorBaseIfEclEi
0000000000000000 W _ZN5kaldi10VectorBaseIfED1Ev
0000000000000000 W _ZN5kaldi10VectorBaseIfED2Ev
0000000000000000 n _ZN5kaldi10VectorBaseIfED5Ev
0000000000000000 W _ZN5kaldi17KaldiErrorMessage6streamEv
                 U _ZN5kaldi17KaldiErrorMessageC1EPKcS2_i
                 U _ZN5kaldi17KaldiErrorMessageD1Ev
                 U _ZN5kaldi19KaldiAssertFailure_EPKcS1_iS1_
                 U _ZN5kaldi6VectorIfE6ResizeEiNS_16MatrixResizeTypeE
                 U _ZN5kaldi6VectorIfE7DestroyEv
0000000000000000 W _ZN5kaldi6VectorIfEC1Ev
0000000000000000 W _ZN5kaldi6VectorIfEC2Ev
0000000000000000 n _ZN5kaldi6VectorIfEC5Ev
0000000000000000 W _ZN5kaldi6VectorIfED1Ev
0000000000000000 W _ZN5kaldi6VectorIfED2Ev
0000000000000000 n _ZN5kaldi6VectorIfED5Ev
000000000000005c r _ZN5kaldiL13kLogZeroFloatE
0000000000000060 r _ZN5kaldiL14kLogZeroDoubleE
0000000000000078 r _ZN5kaldiL16kMinLogDiffFloatE
0000000000000068 r _ZN5kaldiL17kLogZeroBaseFloatE
0000000000000070 r _ZN5kaldiL17kMinLogDiffDoubleE
0000000000000000 W _ZNK26CudaFrameExtractionOptions10WindowSizeEv
                 U _ZNKSs7compareEPKc
                 U _ZNSt8ios_base4InitC1Ev
                 U _ZNSt8ios_base4InitD1Ev
0000000000000000 W _ZSteqIcSt11char_traitsIcESaIcEEbRKSbIT_T0_T1_EPKS3_
0000000000000001 r _ZStL13allocator_arg
0000000000000000 r _ZStL19piecewise_construct
0000000000000002 r _ZStL6ignore
0000000000000000 b _ZStL8__ioinit
                 U _ZStlsIcSt11char_traitsIcESaIcEERSt13basic_ostreamIT_T0_ES7_RKSbIS4_S5_T1_E
                 U _ZStlsISt11char_traitsIcEERSt13basic_ostreamIcT_ES5_PKc
0000000000000080 r _ZZN25CudaFeatureWindowFunctionC1ERK26CudaFrameExtractionOptionsE8__func__

mel-compute.o:
                 U cudaGetErrorString
                 U cudaMemcpy
                 U cudaThreadSynchronize
                 U __cxa_atexit
                 U __cxa_begin_catch
                 U __cxa_end_catch
                 U __cxa_rethrow
                 U __dso_handle
                 U expf
0000000000001445 t _GLOBAL__sub_I__ZN12CudaMelBanksC2ERK19CudaMelBanksOptionsRK26CudaFrameExtractionOptionsf
                 U __gxx_personality_v0
                 U logf
                 U sin
                 U _Unwind_Resume
00000000000010fb T _Z10CudaDurbiniPKfPfS1_
00000000000012f1 T _Z16CudaLpc2CepstrumiPKfPf
000000000000103e T _Z23CudaComputeLifterCoeffsfPN5kaldi12CuVectorBaseIfEE
0000000000001408 t _Z41__static_initialization_and_destruction_0ii
                 U _ZdlPv
0000000000000000 W _ZdlPvS_
0000000000000c28 T _ZN12CudaMelBanks12VtlnWarpFreqEffffff
0000000000000000 W _ZN12CudaMelBanks15InverseMelScaleEf
0000000000000dfe T _ZN12CudaMelBanks15VtlnWarpMelFreqEffffff
0000000000000000 W _ZN12CudaMelBanks8MelScaleEf
0000000000000000 T _ZN12CudaMelBanksC1ERK19CudaMelBanksOptionsRK26CudaFrameExtractionOptionsf
0000000000000000 T _ZN12CudaMelBanksC2ERK19CudaMelBanksOptionsRK26CudaFrameExtractionOptionsf
0000000000000000 W _ZN22KaldiCompileTimeAssertILb1EE5CheckEv
0000000000000000 W _ZN5kaldi10VectorBaseIfE5RangeEii
0000000000000000 W _ZN5kaldi10VectorBaseIfEC1Ev
0000000000000000 W _ZN5kaldi10VectorBaseIfEC2Ev
0000000000000000 n _ZN5kaldi10VectorBaseIfEC5Ev
0000000000000000 W _ZN5kaldi10VectorBaseIfEclEi
0000000000000000 W _ZN5kaldi10VectorBaseIfED1Ev
0000000000000000 W _ZN5kaldi10VectorBaseIfED2Ev
0000000000000000 n _ZN5kaldi10VectorBaseIfED5Ev
0000000000000000 W _ZN5kaldi11CuSubVectorIfEC1ERKNS_12CuVectorBaseIfEEii
0000000000000000 W _ZN5kaldi11CuSubVectorIfEC2ERKNS_12CuVectorBaseIfEEii
0000000000000000 n _ZN5kaldi11CuSubVectorIfEC5ERKNS_12CuVectorBaseIfEEii
                 U _ZN5kaldi12CuVectorBaseIfE11CopyFromVecERKS1_
                 U _ZN5kaldi12CuVectorBaseIfE11CopyFromVecIfEEvRKNS_10VectorBaseIT_EE
0000000000000000 W _ZN5kaldi12CuVectorBaseIfEC1Ev
0000000000000000 W _ZN5kaldi12CuVectorBaseIfEC2Ev
0000000000000000 n _ZN5kaldi12CuVectorBaseIfEC5Ev
0000000000000000 W _ZN5kaldi12CuVectorBaseIfEclEi
0000000000000000 W _ZN5kaldi17KaldiErrorMessage6streamEv
                 U _ZN5kaldi17KaldiErrorMessageC1EPKcS2_i
                 U _ZN5kaldi17KaldiErrorMessageD1Ev
                 U _ZN5kaldi19KaldiAssertFailure_EPKcS1_iS1_
                 U _ZN5kaldi26RoundUpToNearestPowerOfTwoEi
                 U _ZN5kaldi6VectorIfE6ResizeEiNS_16MatrixResizeTypeE
                 U _ZN5kaldi6VectorIfE7DestroyEv
0000000000000000 W _ZN5kaldi6VectorIfEC1EiNS_16MatrixResizeTypeE
0000000000000000 W _ZN5kaldi6VectorIfEC2EiNS_16MatrixResizeTypeE
0000000000000000 n _ZN5kaldi6VectorIfEC5EiNS_16MatrixResizeTypeE
0000000000000000 W _ZN5kaldi6VectorIfED1Ev
0000000000000000 W _ZN5kaldi6VectorIfED2Ev
0000000000000000 n _ZN5kaldi6VectorIfED5Ev
                 U _ZN5kaldi6VecVecIfEET_RKNS_12CuVectorBaseIS1_EES5_
0000000000000000 W _ZN5kaldi7CuValueIfEaSEf
0000000000000000 W _ZN5kaldi7CuValueIfEC1EPf
0000000000000000 W _ZN5kaldi7CuValueIfEC2EPf
0000000000000000 n _ZN5kaldi7CuValueIfEC5EPf
0000000000000000 W _ZN5kaldi8CuDevice11InstantiateEv
                 U _ZN5kaldi8CuDevice14global_device_E
                 U _ZN5kaldi8CuVectorIfE6ResizeEiNS_16MatrixResizeTypeE
                 U _ZN5kaldi8CuVectorIfE7DestroyEv
0000000000000000 W _ZN5kaldi8CuVectorIfEC1ERKS1_
0000000000000000 W _ZN5kaldi8CuVectorIfEC1Ev
0000000000000000 W _ZN5kaldi8CuVectorIfEC2ERKS1_
0000000000000000 W _ZN5kaldi8CuVectorIfEC2Ev
0000000000000000 n _ZN5kaldi8CuVectorIfEC5ERKS1_
0000000000000000 n _ZN5kaldi8CuVectorIfEC5Ev
0000000000000000 W _ZN5kaldi8CuVectorIfED1Ev
0000000000000000 W _ZN5kaldi8CuVectorIfED2Ev
0000000000000000 n _ZN5kaldi8CuVectorIfED5Ev
0000000000000000 W _ZN5kaldi9SubVectorIfEC1ERKNS_10VectorBaseIfEEii
0000000000000000 W _ZN5kaldi9SubVectorIfEC2ERKNS_10VectorBaseIfEEii
0000000000000000 n _ZN5kaldi9SubVectorIfEC5ERKNS_10VectorBaseIfEEii
0000000000000000 W _ZN5kaldi9SubVectorIfED1Ev
0000000000000000 W _ZN5kaldi9SubVectorIfED2Ev
0000000000000000 n _ZN5kaldi9SubVectorIfED5Ev
00000000000003e8 r _ZN5kaldiL13kLogZeroFloatE
00000000000003f0 r _ZN5kaldiL14kLogZeroDoubleE
0000000000000408 r _ZN5kaldiL16kMinLogDiffFloatE
00000000000003f8 r _ZN5kaldiL17kLogZeroBaseFloatE
0000000000000400 r _ZN5kaldiL17kMinLogDiffDoubleE
0000000000000000 W _ZN9__gnu_cxx13new_allocatorISt4pairIiN5kaldi8CuVectorIfEEEE10deallocateEPS5_m
0000000000000000 W _ZN9__gnu_cxx13new_allocatorISt4pairIiN5kaldi8CuVectorIfEEEE8allocateEmPKv
0000000000000000 W _ZN9__gnu_cxx13new_allocatorISt4pairIiN5kaldi8CuVectorIfEEEEC1Ev
0000000000000000 W _ZN9__gnu_cxx13new_allocatorISt4pairIiN5kaldi8CuVectorIfEEEEC2Ev
0000000000000000 n _ZN9__gnu_cxx13new_allocatorISt4pairIiN5kaldi8CuVectorIfEEEEC5Ev
0000000000000000 W _ZN9__gnu_cxx13new_allocatorISt4pairIiN5kaldi8CuVectorIfEEEED1Ev
0000000000000000 W _ZN9__gnu_cxx13new_allocatorISt4pairIiN5kaldi8CuVectorIfEEEED2Ev
0000000000000000 n _ZN9__gnu_cxx13new_allocatorISt4pairIiN5kaldi8CuVectorIfEEEED5Ev
0000000000000eaa T _ZNK12CudaMelBanks7ComputeERKN5kaldi12CuVectorBaseIfEEPNS0_8CuVectorIfEE
0000000000000000 W _ZNK5kaldi10VectorBaseIfE3DimEv
0000000000000000 W _ZNK5kaldi10VectorBaseIfE4DataEv
0000000000000000 W _ZNK5kaldi12CuVectorBaseIfE3DimEv
0000000000000000 W _ZNK5kaldi12CuVectorBaseIfE4DataEv
0000000000000000 W _ZNK5kaldi12CuVectorBaseIfE5RangeEii
0000000000000000 W _ZNK5kaldi7CuValueIfEcvfEv
0000000000000000 W _ZNK5kaldi8CuDevice7EnabledEv
0000000000000000 W _ZNK9__gnu_cxx13new_allocatorISt4pairIiN5kaldi8CuVectorIfEEEE8max_sizeEv
0000000000000000 W _ZNKSt12_Vector_baseISt4pairIiN5kaldi8CuVectorIfEEESaIS4_EE19_M_get_Tp_allocatorEv
0000000000000000 W _ZNKSt6vectorISt4pairIiN5kaldi8CuVectorIfEEESaIS4_EE12_M_check_lenEmPKc
0000000000000000 W _ZNKSt6vectorISt4pairIiN5kaldi8CuVectorIfEEESaIS4_EE4sizeEv
0000000000000000 W _ZNKSt6vectorISt4pairIiN5kaldi8CuVectorIfEEESaIS4_EE8max_sizeEv
0000000000000000 W _ZNKSt6vectorISt4pairIiN5kaldi8CuVectorIfEEESaIS4_EEixEm
0000000000000000 W _ZNSaISt4pairIiN5kaldi8CuVectorIfEEEEC1Ev
0000000000000000 W _ZNSaISt4pairIiN5kaldi8CuVectorIfEEEEC2Ev
0000000000000000 n _ZNSaISt4pairIiN5kaldi8CuVectorIfEEEEC5Ev
0000000000000000 W _ZNSaISt4pairIiN5kaldi8CuVectorIfEEEED1Ev
0000000000000000 W _ZNSaISt4pairIiN5kaldi8CuVectorIfEEEED2Ev
0000000000000000 n _ZNSaISt4pairIiN5kaldi8CuVectorIfEEEED5Ev
                 U _ZNSolsEf
                 U _ZNSolsEi
0000000000000000 W _ZNSt12_Destroy_auxILb0EE9__destroyIPSt4pairIiN5kaldi8CuVectorIfEEEEEvT_S8_
0000000000000000 W _ZNSt12_Vector_baseISt4pairIiN5kaldi8CuVectorIfEEESaIS4_EE11_M_allocateEm
0000000000000000 W _ZNSt12_Vector_baseISt4pairIiN5kaldi8CuVectorIfEEESaIS4_EE12_Vector_implC1Ev
0000000000000000 W _ZNSt12_Vector_baseISt4pairIiN5kaldi8CuVectorIfEEESaIS4_EE12_Vector_implC2Ev
0000000000000000 n _ZNSt12_Vector_baseISt4pairIiN5kaldi8CuVectorIfEEESaIS4_EE12_Vector_implC5Ev
0000000000000000 W _ZNSt12_Vector_baseISt4pairIiN5kaldi8CuVectorIfEEESaIS4_EE12_Vector_implD1Ev
0000000000000000 W _ZNSt12_Vector_baseISt4pairIiN5kaldi8CuVectorIfEEESaIS4_EE12_Vector_implD2Ev
0000000000000000 n _ZNSt12_Vector_baseISt4pairIiN5kaldi8CuVectorIfEEESaIS4_EE12_Vector_implD5Ev
0000000000000000 W _ZNSt12_Vector_baseISt4pairIiN5kaldi8CuVectorIfEEESaIS4_EE13_M_deallocateEPS4_m
0000000000000000 W _ZNSt12_Vector_baseISt4pairIiN5kaldi8CuVectorIfEEESaIS4_EE19_M_get_Tp_allocatorEv
0000000000000000 W _ZNSt12_Vector_baseISt4pairIiN5kaldi8CuVectorIfEEESaIS4_EEC1Ev
0000000000000000 W _ZNSt12_Vector_baseISt4pairIiN5kaldi8CuVectorIfEEESaIS4_EEC2Ev
0000000000000000 n _ZNSt12_Vector_baseISt4pairIiN5kaldi8CuVectorIfEEESaIS4_EEC5Ev
0000000000000000 W _ZNSt12_Vector_baseISt4pairIiN5kaldi8CuVectorIfEEESaIS4_EED1Ev
0000000000000000 W _ZNSt12_Vector_baseISt4pairIiN5kaldi8CuVectorIfEEESaIS4_EED2Ev
0000000000000000 n _ZNSt12_Vector_baseISt4pairIiN5kaldi8CuVectorIfEEESaIS4_EED5Ev
0000000000000000 W _ZNSt16allocator_traitsISaISt4pairIiN5kaldi8CuVectorIfEEEEE11_S_max_sizeIKS5_EENSt9enable_ifIXsrNS6_16__maxsize_helperIT_EE5valueEmE4typeERSB_
0000000000000000 W _ZNSt16allocator_traitsISaISt4pairIiN5kaldi8CuVectorIfEEEEE8max_sizeERKS5_
0000000000000000 W _ZNSt20__uninitialized_copyILb0EE13__uninit_copyIPSt4pairIiN5kaldi8CuVectorIfEEES7_EET0_T_S9_S8_
0000000000000000 W _ZNSt27__uninitialized_default_n_1ILb0EE18__uninit_default_nIPSt4pairIiN5kaldi8CuVectorIfEEEmEEvT_T0_
0000000000000000 W _ZNSt4pairIiN5kaldi8CuVectorIfEEEC1ERKS3_
0000000000000000 W _ZNSt4pairIiN5kaldi8CuVectorIfEEEC1Ev
0000000000000000 W _ZNSt4pairIiN5kaldi8CuVectorIfEEEC2ERKS3_
0000000000000000 W _ZNSt4pairIiN5kaldi8CuVectorIfEEEC2Ev
0000000000000000 n _ZNSt4pairIiN5kaldi8CuVectorIfEEEC5ERKS3_
0000000000000000 n _ZNSt4pairIiN5kaldi8CuVectorIfEEEC5Ev
0000000000000000 W _ZNSt4pairIiN5kaldi8CuVectorIfEEED1Ev
0000000000000000 W _ZNSt4pairIiN5kaldi8CuVectorIfEEED2Ev
0000000000000000 n _ZNSt4pairIiN5kaldi8CuVectorIfEEED5Ev
0000000000000000 W _ZNSt6vectorISt4pairIiN5kaldi8CuVectorIfEEESaIS4_EE15_M_erase_at_endEPS4_
0000000000000000 W _ZNSt6vectorISt4pairIiN5kaldi8CuVectorIfEEESaIS4_EE17_M_default_appendEm
0000000000000000 W _ZNSt6vectorISt4pairIiN5kaldi8CuVectorIfEEESaIS4_EE6resizeEm
0000000000000000 W _ZNSt6vectorISt4pairIiN5kaldi8CuVectorIfEEESaIS4_EEC1Ev
0000000000000000 W _ZNSt6vectorISt4pairIiN5kaldi8CuVectorIfEEESaIS4_EEC2Ev
0000000000000000 n _ZNSt6vectorISt4pairIiN5kaldi8CuVectorIfEEESaIS4_EEC5Ev
0000000000000000 W _ZNSt6vectorISt4pairIiN5kaldi8CuVectorIfEEESaIS4_EED1Ev
0000000000000000 W _ZNSt6vectorISt4pairIiN5kaldi8CuVectorIfEEESaIS4_EED2Ev
0000000000000000 n _ZNSt6vectorISt4pairIiN5kaldi8CuVectorIfEEESaIS4_EED5Ev
0000000000000000 W _ZNSt6vectorISt4pairIiN5kaldi8CuVectorIfEEESaIS4_EEixEm
                 U _ZNSt8ios_base4InitC1Ev
                 U _ZNSt8ios_base4InitD1Ev
                 U _Znwm
0000000000000000 W _ZnwmPv
0000000000000000 W _ZSt10_ConstructISt4pairIiN5kaldi8CuVectorIfEEEIEEvPT_DpOT0_
0000000000000000 W _ZSt10_ConstructISt4pairIiN5kaldi8CuVectorIfEEEIRS4_EEvPT_DpOT0_
0000000000000000 W _ZSt10_ConstructISt4pairIiN5kaldi8CuVectorIfEEEJEEvPT_DpOT0_
0000000000000000 W _ZSt10_ConstructISt4pairIiN5kaldi8CuVectorIfEEEJRS4_EEvPT_DpOT0_
0000000000000000 W _ZSt11__addressofISt4pairIiN5kaldi8CuVectorIfEEEEPT_RS5_
                 U _ZSt17__throw_bad_allocv
0000000000000000 W _ZSt18uninitialized_copyIPSt4pairIiN5kaldi8CuVectorIfEEES5_ET0_T_S7_S6_
                 U _ZSt20__throw_length_errorPKc
0000000000000000 W _ZSt22__uninitialized_copy_aIPSt4pairIiN5kaldi8CuVectorIfEEES5_S4_ET0_T_S7_S6_RSaIT1_E
0000000000000000 W _ZSt25__uninitialized_default_nIPSt4pairIiN5kaldi8CuVectorIfEEEmEvT_T0_
0000000000000000 W _ZSt27__uninitialized_default_n_aIPSt4pairIiN5kaldi8CuVectorIfEEEmS4_EvT_T0_RSaIT1_E
0000000000000000 W _ZSt32__make_move_if_noexcept_iteratorIPSt4pairIiN5kaldi8CuVectorIfEEES5_ET0_T_
0000000000000000 W _ZSt34__uninitialized_move_if_noexcept_aIPSt4pairIiN5kaldi8CuVectorIfEEES5_SaIS4_EET0_T_S8_S7_RT1_
0000000000000000 W _ZSt3maxIfERKT_S2_S2_
0000000000000000 W _ZSt3maxImERKT_S2_S2_
0000000000000000 W _ZSt3minIfERKT_S2_S2_
0000000000000000 W _ZSt5isnanf
0000000000000000 W _ZSt7forwardIRSt4pairIiN5kaldi8CuVectorIfEEEEOT_RNSt16remove_referenceIS6_E4typeE
0000000000000000 W _ZSt8_DestroyIPSt4pairIiN5kaldi8CuVectorIfEEEEvT_S6_
0000000000000000 W _ZSt8_DestroyIPSt4pairIiN5kaldi8CuVectorIfEEES4_EvT_S6_RSaIT0_E
0000000000000000 W _ZSt8_DestroyISt4pairIiN5kaldi8CuVectorIfEEEEvPT_
0000000000000001 r _ZStL13allocator_arg
0000000000000000 r _ZStL19piecewise_construct
0000000000000002 r _ZStL6ignore
0000000000000000 b _ZStL8__ioinit
                 U _ZStlsISt11char_traitsIcEERSt13basic_ostreamIcT_ES5_PKc
000000000000042d r _ZZN12CudaMelBanks12VtlnWarpFreqEffffffE8__func__
000000000000040c r _ZZN12CudaMelBanksC1ERK19CudaMelBanksOptionsRK26CudaFrameExtractionOptionsfE8__func__
0000000000000442 r _ZZN5kaldi11CuSubVectorIfEC1ERKNS_12CuVectorBaseIfEEiiE8__func__
0000000000000423 r _ZZN5kaldi7CuValueIfEaSEfE8__func__
0000000000000419 r _ZZN5kaldi9SubVectorIfEC1ERKNS_10VectorBaseIfEEiiE8__func__
000000000000043a r _ZZNK12CudaMelBanks7ComputeERKN5kaldi12CuVectorBaseIfEEPNS0_8CuVectorIfEEE8__func__
000000000000044e r _ZZNK5kaldi7CuValueIfEcvfEvE8__func__

cuda-feature-function.o:
                 U cosf
                 U __cxa_atexit
                 U __dso_handle
                 U exit
00000000000007c1 t _GLOBAL__sub_I__Z13CudaNumFramesiRK26CudaFrameExtractionOptions
                 U __gxx_personality_v0
                 U log
                 U logf
                 U sqrtf
                 U _Unwind_Resume
0000000000000114 T _Z10CudaDitherPN5kaldi10VectorBaseIfEEf
0000000000000000 T _Z13CudaNumFramesiRK26CudaFrameExtractionOptions
000000000000017c T _Z16CudaPreemphasizePN5kaldi10VectorBaseIfEEf
0000000000000277 T _Z17CudaExtractWindowRKN5kaldi10VectorBaseIfEEiRK26CudaFrameExtractionOptionsRK25CudaFeatureWindowFunctionPNS_6VectorIfEEPf
000000000000063b T _Z24CudaComputePowerSpectrumPN5kaldi10VectorBaseIfEE
0000000000000784 t _Z41__static_initialization_and_destruction_0ii
0000000000000000 W _ZN22KaldiCompileTimeAssertILb1EE5CheckEv
                 U _ZN5kaldi10VectorBaseIfE11CopyFromVecERKS1_
                 U _ZN5kaldi10VectorBaseIfE11MulElementsERKS1_
                 U _ZN5kaldi10VectorBaseIfE3AddEf
                 U _ZN5kaldi10VectorBaseIfE7SetZeroEv
0000000000000000 W _ZN5kaldi10VectorBaseIfEC1Ev
0000000000000000 W _ZN5kaldi10VectorBaseIfEC2Ev
0000000000000000 n _ZN5kaldi10VectorBaseIfEC5Ev
0000000000000000 W _ZN5kaldi10VectorBaseIfEclEi
0000000000000000 W _ZN5kaldi10VectorBaseIfED1Ev
0000000000000000 W _ZN5kaldi10VectorBaseIfED2Ev
0000000000000000 n _ZN5kaldi10VectorBaseIfED5Ev
0000000000000000 W _ZN5kaldi11RandUniformEPNS_11RandomStateE
0000000000000000 W _ZN5kaldi17KaldiErrorMessage6streamEv
                 U _ZN5kaldi17KaldiErrorMessageC1EPKcS2_i
                 U _ZN5kaldi17KaldiErrorMessageD1Ev
                 U _ZN5kaldi19KaldiAssertFailure_EPKcS1_iS1_
                 U _ZN5kaldi26RoundUpToNearestPowerOfTwoEi
                 U _ZN5kaldi4RandEPNS_11RandomStateE
                 U _ZN5kaldi6VectorIfE6ResizeEiNS_16MatrixResizeTypeE
                 U _ZN5kaldi6VectorIfE7DestroyEv
0000000000000000 W _ZN5kaldi6VectorIfEC1EiNS_16MatrixResizeTypeE
0000000000000000 W _ZN5kaldi6VectorIfEC2EiNS_16MatrixResizeTypeE
0000000000000000 n _ZN5kaldi6VectorIfEC5EiNS_16MatrixResizeTypeE
0000000000000000 W _ZN5kaldi6VectorIfED1Ev
0000000000000000 W _ZN5kaldi6VectorIfED2Ev
0000000000000000 n _ZN5kaldi6VectorIfED5Ev
                 U _ZN5kaldi6VecVecIfEET_RKNS_10VectorBaseIS1_EES5_
0000000000000000 W _ZN5kaldi9RandGaussEPNS_11RandomStateE
0000000000000000 W _ZN5kaldi9SubVectorIfEC1ERKNS_10VectorBaseIfEEii
0000000000000000 W _ZN5kaldi9SubVectorIfEC2ERKNS_10VectorBaseIfEEii
0000000000000000 n _ZN5kaldi9SubVectorIfEC5ERKNS_10VectorBaseIfEEii
0000000000000000 W _ZN5kaldi9SubVectorIfED1Ev
0000000000000000 W _ZN5kaldi9SubVectorIfED2Ev
0000000000000000 n _ZN5kaldi9SubVectorIfED5Ev
00000000000001b4 r _ZN5kaldiL13kLogZeroFloatE
00000000000001b8 r _ZN5kaldiL14kLogZeroDoubleE
00000000000001d0 r _ZN5kaldiL16kMinLogDiffFloatE
00000000000001c0 r _ZN5kaldiL17kLogZeroBaseFloatE
00000000000001c8 r _ZN5kaldiL17kMinLogDiffDoubleE
0000000000000000 W _ZNK26CudaFrameExtractionOptions10WindowSizeEv
0000000000000000 W _ZNK26CudaFrameExtractionOptions11WindowShiftEv
0000000000000000 W _ZNK26CudaFrameExtractionOptions16PaddedWindowSizeEv
0000000000000000 W _ZNK5kaldi10VectorBaseIfE3DimEv
                 U _ZNK5kaldi10VectorBaseIfE3SumEv
0000000000000000 W _ZNK5kaldi10VectorBaseIfE4DataEv
0000000000000000 W _ZNK5kaldi10VectorBaseIfE5RangeEii
0000000000000000 W _ZNSt14numeric_limitsIfE3minEv
                 U _ZNSt8ios_base4InitC1Ev
                 U _ZNSt8ios_base4InitD1Ev
0000000000000000 W _ZSt3maxIfERKT_S2_S2_
0000000000000001 r _ZStL13allocator_arg
0000000000000000 r _ZStL19piecewise_construct
0000000000000002 r _ZStL6ignore
0000000000000000 b _ZStL8__ioinit
                 U _ZStlsISt11char_traitsIcEERSt13basic_ostreamIcT_ES5_PKc
00000000000001d4 r _ZZ13CudaNumFramesiRK26CudaFrameExtractionOptionsE8__func__
00000000000001f0 r _ZZ16CudaPreemphasizePN5kaldi10VectorBaseIfEEfE8__func__
0000000000000210 r _ZZ17CudaExtractWindowRKN5kaldi10VectorBaseIfEEiRK26CudaFrameExtractionOptionsRK25CudaFeatureWindowFunctionPNS_6VectorIfEEPfE8__func__
0000000000000222 r _ZZN5kaldi9SubVectorIfEC1ERKNS_10VectorBaseIfEEiiE8__func__

cuda-feature-function.o:
                 U cosf
                 U __cxa_atexit
                 U __dso_handle
                 U exit
00000000000007c1 t _GLOBAL__sub_I__Z13CudaNumFramesiRK26CudaFrameExtractionOptions
                 U __gxx_personality_v0
                 U log
                 U logf
                 U sqrtf
                 U _Unwind_Resume
0000000000000114 T _Z10CudaDitherPN5kaldi10VectorBaseIfEEf
0000000000000000 T _Z13CudaNumFramesiRK26CudaFrameExtractionOptions
000000000000017c T _Z16CudaPreemphasizePN5kaldi10VectorBaseIfEEf
0000000000000277 T _Z17CudaExtractWindowRKN5kaldi10VectorBaseIfEEiRK26CudaFrameExtractionOptionsRK25CudaFeatureWindowFunctionPNS_6VectorIfEEPf
000000000000063b T _Z24CudaComputePowerSpectrumPN5kaldi10VectorBaseIfEE
0000000000000784 t _Z41__static_initialization_and_destruction_0ii
0000000000000000 W _ZN22KaldiCompileTimeAssertILb1EE5CheckEv
                 U _ZN5kaldi10VectorBaseIfE11CopyFromVecERKS1_
                 U _ZN5kaldi10VectorBaseIfE11MulElementsERKS1_
                 U _ZN5kaldi10VectorBaseIfE3AddEf
                 U _ZN5kaldi10VectorBaseIfE7SetZeroEv
0000000000000000 W _ZN5kaldi10VectorBaseIfEC1Ev
0000000000000000 W _ZN5kaldi10VectorBaseIfEC2Ev
0000000000000000 n _ZN5kaldi10VectorBaseIfEC5Ev
0000000000000000 W _ZN5kaldi10VectorBaseIfEclEi
0000000000000000 W _ZN5kaldi10VectorBaseIfED1Ev
0000000000000000 W _ZN5kaldi10VectorBaseIfED2Ev
0000000000000000 n _ZN5kaldi10VectorBaseIfED5Ev
0000000000000000 W _ZN5kaldi11RandUniformEPNS_11RandomStateE
0000000000000000 W _ZN5kaldi17KaldiErrorMessage6streamEv
                 U _ZN5kaldi17KaldiErrorMessageC1EPKcS2_i
                 U _ZN5kaldi17KaldiErrorMessageD1Ev
                 U _ZN5kaldi19KaldiAssertFailure_EPKcS1_iS1_
                 U _ZN5kaldi26RoundUpToNearestPowerOfTwoEi
                 U _ZN5kaldi4RandEPNS_11RandomStateE
                 U _ZN5kaldi6VectorIfE6ResizeEiNS_16MatrixResizeTypeE
                 U _ZN5kaldi6VectorIfE7DestroyEv
0000000000000000 W _ZN5kaldi6VectorIfEC1EiNS_16MatrixResizeTypeE
0000000000000000 W _ZN5kaldi6VectorIfEC2EiNS_16MatrixResizeTypeE
0000000000000000 n _ZN5kaldi6VectorIfEC5EiNS_16MatrixResizeTypeE
0000000000000000 W _ZN5kaldi6VectorIfED1Ev
0000000000000000 W _ZN5kaldi6VectorIfED2Ev
0000000000000000 n _ZN5kaldi6VectorIfED5Ev
                 U _ZN5kaldi6VecVecIfEET_RKNS_10VectorBaseIS1_EES5_
0000000000000000 W _ZN5kaldi9RandGaussEPNS_11RandomStateE
0000000000000000 W _ZN5kaldi9SubVectorIfEC1ERKNS_10VectorBaseIfEEii
0000000000000000 W _ZN5kaldi9SubVectorIfEC2ERKNS_10VectorBaseIfEEii
0000000000000000 n _ZN5kaldi9SubVectorIfEC5ERKNS_10VectorBaseIfEEii
0000000000000000 W _ZN5kaldi9SubVectorIfED1Ev
0000000000000000 W _ZN5kaldi9SubVectorIfED2Ev
0000000000000000 n _ZN5kaldi9SubVectorIfED5Ev
00000000000001b4 r _ZN5kaldiL13kLogZeroFloatE
00000000000001b8 r _ZN5kaldiL14kLogZeroDoubleE
00000000000001d0 r _ZN5kaldiL16kMinLogDiffFloatE
00000000000001c0 r _ZN5kaldiL17kLogZeroBaseFloatE
00000000000001c8 r _ZN5kaldiL17kMinLogDiffDoubleE
0000000000000000 W _ZNK26CudaFrameExtractionOptions10WindowSizeEv
0000000000000000 W _ZNK26CudaFrameExtractionOptions11WindowShiftEv
0000000000000000 W _ZNK26CudaFrameExtractionOptions16PaddedWindowSizeEv
0000000000000000 W _ZNK5kaldi10VectorBaseIfE3DimEv
                 U _ZNK5kaldi10VectorBaseIfE3SumEv
0000000000000000 W _ZNK5kaldi10VectorBaseIfE4DataEv
0000000000000000 W _ZNK5kaldi10VectorBaseIfE5RangeEii
0000000000000000 W _ZNSt14numeric_limitsIfE3minEv
                 U _ZNSt8ios_base4InitC1Ev
                 U _ZNSt8ios_base4InitD1Ev
0000000000000000 W _ZSt3maxIfERKT_S2_S2_
0000000000000001 r _ZStL13allocator_arg
0000000000000000 r _ZStL19piecewise_construct
0000000000000002 r _ZStL6ignore
0000000000000000 b _ZStL8__ioinit
                 U _ZStlsISt11char_traitsIcEERSt13basic_ostreamIcT_ES5_PKc
00000000000001d4 r _ZZ13CudaNumFramesiRK26CudaFrameExtractionOptionsE8__func__
00000000000001f0 r _ZZ16CudaPreemphasizePN5kaldi10VectorBaseIfEEfE8__func__
0000000000000210 r _ZZ17CudaExtractWindowRKN5kaldi10VectorBaseIfEEiRK26CudaFrameExtractionOptionsRK25CudaFeatureWindowFunctionPNS_6VectorIfEEPfE8__func__
0000000000000222 r _ZZN5kaldi9SubVectorIfEC1ERKNS_10VectorBaseIfEEiiE8__func__

my-cuda-function-kernel.o:
                 U atexit
                 U cudaDeviceSynchronize
                 U cudaFree
                 U __cudaInitModule
                 U cudaMalloc
                 U cudaMemcpy
                 U __cudaRegisterFatBinary
                 U cudaThreadSynchronize
                 U __cudaUnregisterFatBinary
                 U cufftExecC2C
                 U cufftPlan1d
                 U exit
0000000000000000 r fatbinData
                 U free
                 U _GLOBAL_OFFSET_TABLE_
                 U malloc
                 U printf
0000000000000037 T _Z19_D_cuda_compute_fftPdi
0000000000000015 T _Z19_F_cuda_compute_fftPfi
00000000000003b7 t _Z20_my_cuda_compute_fftIdEvPT_i
0000000000000112 t _Z20_my_cuda_compute_fftIfEvPT_i
00000000000000ce t _ZL107__sti____cudaRegisterAll_70_tmpxft_000014bb_00000000_16_my_cuda_function_kernel_compute_50_cpp1_ii_1171e96dv
0000000000000000 d _ZL15__fatDeviceText
0000000000000000 r _ZL15__module_id_str
0000000000000010 b _ZL20__cudaFatCubinHandle
0000000000000059 t _ZL22____nv_dummy_param_refPv
0000000000000000 b _ZL22__nv_inited_managed_rt
000000000000006e t _ZL26__cudaUnregisterBinaryUtilv
00000000000000a9 t _ZL31__nv_cudaEntityRegisterCallbackPPv
0000000000000008 b _ZL32__nv_fatbinhandle_for_managed_rt
000000000000008f t _ZL32__nv_init_managed_rt_with_modulePPv
0000000000000000 t _ZL37__nv_save_fatbinhandle_for_managed_rtPPv
0000000000000018 b _ZZL22____nv_dummy_param_refPvE5__ref
0000000000000020 b _ZZL31__nv_cudaEntityRegisterCallbackPPvE5__ref
